  bash arg: -p
  bash arg: com.yishouapp.fumi
  bash arg: --throttle
  bash arg: 500
  bash arg: --ignore-timeouts
  bash arg: --ignore-crashes
  bash arg: --monitor-native-crashes
  bash arg: -v
  bash arg: -v
  bash arg: -v
  bash arg: 500
:Monkey: seed=1605261250823 count=500
:AllowPackage: com.yishouapp.fumi
:IncludeCategory: android.intent.category.LAUNCHER
:IncludeCategory: android.intent.category.MONKEY
// Selecting main activities from category android.intent.category.LAUNCHER
//   - NOT USING main activity com.android.gallery3d.vivo.GalleryTabActivity (from package com.vivo.gallery)
//   - NOT USING main activity com.android.bbkmusic.WidgetToTrackActivity (from package com.android.bbkmusic)
//   - NOT USING main activity com.android.activity.ReclistActivity (from package com.android.bbksoundrecorder)
//   - NOT USING main activity com.android.camera.CameraActivity (from package com.android.camera)
//   - NOT USING main activity com.android.contacts.DialtactsContactsEntryActivity (from package com.android.contacts)
//   - NOT USING main activity com.android.dialer.TwelveKeyDialer (from package com.android.dialer)
//   - NOT USING main activity com.android.mms.ui.ConversationList (from package com.android.mms)
//   - NOT USING main activity com.android.settings.Settings (from package com.android.settings)
//   - NOT USING main activity com.bbk.calendar.MainActivity (from package com.bbk.calendar)
//   - NOT USING main activity com.bbk.theme.Theme (from package com.bbk.theme)
//   - NOT USING main activity com.chaozh.iReader.ui.activity.WelcomeActivity (from package com.chaozh.iReader)
//   - NOT USING main activity com.mobile.iroaming.activity.MainActivity (from package com.mobile.iroaming)
//   - NOT USING main activity com.vivo.health.main.activity.GuideActivity (from package com.vivo.health)
//   - NOT USING main activity com.baidu.baidumaps.WelcomeScreen (from package com.baidu.BaiduMap)
//   - NOT USING main activity com.qihoo.appstore.home.LauncherActivity (from package com.qihoo.appstore)
//   - NOT USING main activity com.vivo.vhome.ui.VHomeActivity (from package com.vivo.vhome)
//   - NOT USING main activity org.mozilla.firefox.App (from package org.mozilla.firefox)
//   - NOT USING main activity com.android.BBKClock.Timer (from package com.android.BBKClock)
//   - NOT USING main activity com.android.VideoPlayer.VideoPlayer (from package com.android.VideoPlayer)
//   - NOT USING main activity com.android.bbkcalculator.Calculator (from package com.android.bbkcalculator)
//   - NOT USING main activity com.android.filemanager.FileManagerActivity (from package com.android.filemanager)
//   - NOT USING main activity com.android.notes.Notes (from package com.android.notes)
//   - NOT USING main activity com.bbk.appstore.ui.AppStore (from package com.bbk.appstore)
//   - NOT USING main activity com.bbk.cloud.activities.BBKCloudHomeScreen (from package com.bbk.cloud)
//   - NOT USING main activity com.iqoo.secure.MainGuideActivity (from package com.iqoo.secure)
//   - NOT USING main activity com.vivo.Tips.MainActivity (from package com.vivo.Tips)
//   - NOT USING main activity com.vivo.agent.view.activities.JoviHomeNewActivity (from package com.vivo.agent)
//   - NOT USING main activity com.vivo.browser.BrowserActivity (from package com.vivo.browser)
//   - NOT USING main activity com.vivo.compass.CalibrationActivity (from package com.vivo.compass)
//   - NOT USING main activity com.vivo.easyshare.activity.SplashScreenActivity (from package com.vivo.easyshare)
//   - NOT USING main activity com.vivo.email.activity.Welcome (from package com.vivo.email)
//   - NOT USING main activity com.vivo.game.ui.LogoActivity (from package com.vivo.game)
//   - NOT USING main activity com.vivo.space.ui.LogoActivity (from package com.vivo.space)
//   - NOT USING main activity com.vivo.wallet.StartPageActivity (from package com.vivo.wallet)
//   - NOT USING main activity com.vivo.weather.WeatherMain (from package com.vivo.weather)
//   - NOT USING main activity com.mqunar.splash.SplashActivity (from package com.Qunar)
//   - NOT USING main activity com.UCMobile.main.UCMobile (from package com.UCMobile)
//   - NOT USING main activity com.alibaba.android.rimet.biz.LaunchHomeActivity (from package com.alibaba.android.rimet)
//   - NOT USING main activity com.android.bbk.lockscreen3.LockScreenActivity (from package com.android.bbk.lockscreen3)
//   - NOT USING main activity com.baidu.haokan.app.activity.HomeActivity (from package com.baidu.haokan)
//   - NOT USING main activity com.baidu.searchbox.SplashActivity (from package com.baidu.searchbox)
//   - NOT USING main activity com.bbk.iqoo.feedback.activities.UserFeedBackActivity (from package com.bbk.iqoo.feedback)
//   - NOT USING main activity com.eg.android.AlipayGphone.AlipayLogin (from package com.eg.android.AlipayGphone)
//   - NOT USING main activity com.fumikeji.cangchu.SplashActivity (from package com.fumikeji.cangchu)
//   - NOT USING main activity com.fumikeji.crm.SplashActivity (from package com.fumikeji.crm)
//   - NOT USING main activity com.fumikeji.dangkou.SplashActivity (from package com.fumikeji.dangkou)
//   - NOT USING main activity com.jingdong.app.mall.main.MainActivity (from package com.jingdong.app.mall)
//   - NOT USING main activity com.oray.sunlogin.application.Main (from package com.oray.sunlogin)
//   - NOT USING main activity com.pp.assistant.activity.MainActivity (from package com.pp.assistant)
//   - NOT USING main activity com.qiyi.video.WelcomeActivity (from package com.qiyi.video)
//   - NOT USING main activity com.meituan.android.pt.homepage.activity.MainActivity (from package com.sankuai.meituan)
//   - NOT USING main activity com.sina.weibo.SplashActivity (from package com.sina.weibo)
//   - NOT USING main activity com.ss.android.article.news.activity.MainActivity (from package com.ss.android.article.news)
//   - NOT USING main activity com.ss.android.ugc.aweme.splash.SplashActivity (from package com.ss.android.ugc.aweme)
//   - NOT USING main activity com.szsbay.smarthome.module.MainActivity (from package com.szsbay.unicom)
//   - NOT USING main activity com.taobao.tao.welcome.Welcome (from package com.taobao.taobao)
//   - NOT USING main activity com.tencent.mm.ui.LauncherUI (from package com.tencent.mm)
//   - NOT USING main activity com.tencent.mobileqq.activity.SplashActivity (from package com.tencent.mobileqq)
//   - NOT USING main activity com.tencent.qnet.ui.login.LoginActivity (from package com.tencent.qnet)
//   - NOT USING main activity com.tencent.qqlive.ona.activity.SplashHomeActivity (from package com.tencent.qqlive)
//   - NOT USING main activity com.tencent.qqmusic.activity.AppStarterActivity (from package com.tencent.qqmusic)
//   - NOT USING main activity com.timeweekly.timefinance.mvp.ui.activity.SplashActivity (from package com.timeweekly.timefinance)
//   - NOT USING main activity com.vivo.childrenmode.activity.ChildHomeActivity (from package com.vivo.childrenmode)
//   - NOT USING main activity com.wuba.activity.launch.LaunchActivity (from package com.wuba)
//   - NOT USING main activity com.ximalaya.ting.android.host.activity.WelComeActivity (from package com.ximalaya.ting.android)
//   - NOT USING main activity com.xingin.xhs.activity.SplashActivity (from package com.xingin.xhs)
//   - NOT USING main activity com.xueqiu.android.view.WelcomeActivityAlias (from package com.xueqiu.android)
//   - NOT USING main activity com.xunmeng.pinduoduo.ui.activity.MainFrameActivity (from package com.xunmeng.pinduoduo)
//   + Using main activity com.yishouapp.fumi.activity.ApiChoseActivity (from package com.yishouapp.fumi)
//   - NOT USING main activity io.appium.settings.Settings (from package io.appium.settings)
// Selecting main activities from category android.intent.category.MONKEY
//   - NOT USING main activity com.android.phone.MobileNetworkSettings (from package com.android.phone)
//   - NOT USING main activity com.android.settings.Settings$RunningServicesActivity (from package com.android.settings)
//   - NOT USING main activity com.android.settings.Settings$StorageUseActivity (from package com.android.settings)
//   - NOT USING main activity com.bbk.launcher2.Launcher (from package com.bbk.launcher2)
//   - NOT USING main activity com.bbk.scene.launcher.theme.SceneLauncherThemeMainActivity (from package com.bbk.scene.launcher.theme)
//   - NOT USING main activity com.iqoo.engineermode.EngineerMode (from package com.iqoo.engineermode)
//   - NOT USING main activity com.vivo.childrenmode.ui.activity.MainActivity (from package com.vivo.childrenmode)
//   - NOT USING main activity com.vivo.systemui.statusbar.notification.settings.StatusbarSettingActivity (from package com.android.systemui)
//   - NOT USING main activity com.vivo.systemui.statusbar.notification.settings.channels.NotificationSettingsActivity (from package com.android.systemui)
//   - NOT USING main activity com.vivo.keyguard.views.themes.nature.iconset.IconSettings (from package com.android.systemui)
//   - NOT USING main activity com.android.keyguard.vivo.VivoConfirmActivity (from package com.android.systemui)
//   - NOT USING main activity com.android.keyguard.vivo.VivoFaceRecommendDialog (from package com.android.systemui)
//   - NOT USING main activity com.vivo.shortcutcenter.ui.HomeActivity (from package com.vivo.shortcutcenter)
//   - NOT USING main activity com.vivo.smartshot.ui.TestSmartShotActivity (from package com.vivo.smartshot)
//   - NOT USING main activity com.vivo.upslide.recents.RecentsActivity (from package com.vivo.upslide)
//   - NOT USING main activity com.vivo.upslide.settings.settings.NavigationSettingsActivity (from package com.vivo.upslide)
//   - NOT USING main activity com.vivo.upslide.settings.settings.AboutHomeIndicatorActivity (from package com.vivo.upslide)
//   - NOT USING main activity com.vivo.upslide.settings.settings.FullScreenDoubleSlideActivity (from package com.vivo.upslide)
//   - NOT USING main activity com.vivo.upslide.settings.settings.GestureOrderActivity (from package com.vivo.upslide)
//   - NOT USING main activity com.vivo.upslide.settings.settings.NavigationGestureModeActivity (from package com.vivo.upslide)
//   - NOT USING main activity com.vivo.upslide.settings.settings.GestureStyleActivity (from package com.vivo.upslide)
//   - NOT USING main activity com.vivo.upslide.settings.settings.NavigationLandscapePositionActivity (from package com.vivo.upslide)
//   - NOT USING main activity com.vivo.upslide.settings.settings.LandscapeGesturePosActivity (from package com.vivo.upslide)
//   - NOT USING main activity com.vivo.upslide.settings.settings.NavigationStyleActivity (from package com.vivo.upslide)
//   - NOT USING main activity com.vivo.upslide.settings.settings.SwitchAppActivity (from package com.vivo.upslide)
//   - NOT USING main activity com.vivo.upslide.settings.settings.export.IndicatorDemoActivity (from package com.vivo.upslide)
// Seeded: 1605261250823
// Event percentages:
//   0: 15.0%
//   1: 10.0%
//   2: 2.0%
//   3: 15.0%
//   4: -0.0%
//   5: -0.0%
//   6: 25.0%
//   7: 15.0%
//   8: 2.0%
//   9: 2.0%
//   10: 1.0%
//   11: 13.0%
:Switch: #Intent;action=android.intent.action.MAIN;category=android.intent.category.LAUNCHER;launchFlags=0x10200000;component=com.yishouapp.fumi/.activity.ApiChoseActivity;end
    // Allowing start of Intent { act=android.intent.action.MAIN cat=[android.intent.category.LAUNCHER] cmp=com.yishouapp.fumi/.activity.ApiChoseActivity } in package com.yishouapp.fumi
Sleeping for 500 milliseconds
:Sending Key (ACTION_DOWN): 51    // KEYCODE_W
:Sending Key (ACTION_UP): 51    // KEYCODE_W
Sleeping for 500 milliseconds
:Sending Key (ACTION_DOWN): 23    // KEYCODE_DPAD_CENTER
:Sending Key (ACTION_UP): 23    // KEYCODE_DPAD_CENTER
Sleeping for 500 milliseconds
:Sending Touch (ACTION_DOWN): 0:(487.0,552.0)
:Sending Touch (ACTION_MOVE): 0:(490.251,552.0676)
:Sending Touch (ACTION_MOVE): 0:(495.1,554.1187)
:Sending Touch (ACTION_MOVE): 0:(499.3513,557.40845)
:Sending Touch (ACTION_UP): 0:(503.08154,563.74365)
Sleeping for 500 milliseconds
:Sending Touch (ACTION_DOWN): 0:(783.0,2060.0)
:Sending Touch (ACTION_UP): 0:(793.8988,2060.1948)
Sleeping for 500 milliseconds
:Sending Key (ACTION_DOWN): 20    // KEYCODE_DPAD_DOWN
:Sending Key (ACTION_UP): 20    // KEYCODE_DPAD_DOWN
Sleeping for 500 milliseconds
:Sending Key (ACTION_DOWN): 19    // KEYCODE_DPAD_UP
:Sending Key (ACTION_UP): 19    // KEYCODE_DPAD_UP
Sleeping for 500 milliseconds
:Switch: #Intent;action=android.intent.action.MAIN;category=android.intent.category.LAUNCHER;launchFlags=0x10200000;component=com.yishouapp.fumi/.activity.ApiChoseActivity;end
    // Allowing start of Intent { act=android.intent.action.MAIN cat=[android.intent.category.LAUNCHER] cmp=com.yishouapp.fumi/.activity.ApiChoseActivity } in package com.yishouapp.fumi
Sleeping for 500 milliseconds
:Sending Key (ACTION_DOWN): 82    // KEYCODE_MENU
:Sending Key (ACTION_UP): 82    // KEYCODE_MENU
Sleeping for 500 milliseconds
:Sending Trackball (ACTION_MOVE): 0:(2.0,2.0)
:Sending Trackball (ACTION_MOVE): 0:(4.0,-1.0)
:Sending Trackball (ACTION_MOVE): 0:(0.0,2.0)
:Sending Trackball (ACTION_MOVE): 0:(-2.0,2.0)
:Sending Trackball (ACTION_MOVE): 0:(-2.0,0.0)
:Sending Trackball (ACTION_MOVE): 0:(4.0,0.0)
:Sending Trackball (ACTION_MOVE): 0:(0.0,0.0)
:Sending Trackball (ACTION_MOVE): 0:(2.0,1.0)
:Sending Trackball (ACTION_MOVE): 0:(0.0,-1.0)
:Sending Trackball (ACTION_MOVE): 0:(-3.0,2.0)
:Sending Key (ACTION_DOWN): 183    // KEYCODE_PROG_RED
:Sending Key (ACTION_UP): 183    // KEYCODE_PROG_RED
Sleeping for 500 milliseconds
:Sending Trackball (ACTION_MOVE): 0:(-4.0,-3.0)
:Sending Trackball (ACTION_MOVE): 0:(2.0,-4.0)
:Sending Trackball (ACTION_MOVE): 0:(3.0,-2.0)
:Sending Trackball (ACTION_MOVE): 0:(-2.0,-3.0)
:Sending Trackball (ACTION_MOVE): 0:(-5.0,2.0)
:Sending Trackball (ACTION_MOVE): 0:(2.0,2.0)
:Sending Trackball (ACTION_MOVE): 0:(-1.0,4.0)
:Sending Trackball (ACTION_MOVE): 0:(1.0,3.0)
:Sending Trackball (ACTION_MOVE): 0:(-5.0,-4.0)
:Sending Trackball (ACTION_MOVE): 0:(4.0,4.0)
:Sending Trackball (ACTION_MOVE): 0:(-5.0,-5.0)
:Sending Trackball (ACTION_MOVE): 0:(3.0,-1.0)
:Sending Trackball (ACTION_MOVE): 0:(-3.0,-1.0)
:Sending Trackball (ACTION_MOVE): 0:(1.0,-3.0)
:Sending Trackball (ACTION_MOVE): 0:(-5.0,2.0)
:Sending Trackball (ACTION_MOVE): 0:(-3.0,2.0)
:Sending Trackball (ACTION_MOVE): 0:(-4.0,-5.0)
:Sending Trackball (ACTION_MOVE): 0:(-1.0,1.0)
:Sending Trackball (ACTION_MOVE): 0:(1.0,-1.0)
:Sending Trackball (ACTION_MOVE): 0:(1.0,-1.0)
:Sending Key (ACTION_DOWN): 89    // KEYCODE_MEDIA_REWIND
:Sending Key (ACTION_UP): 89    // KEYCODE_MEDIA_REWIND
Sleeping for 500 milliseconds
:Sending Key (ACTION_DOWN): 23    // KEYCODE_DPAD_CENTER
:Sending Key (ACTION_UP): 23    // KEYCODE_DPAD_CENTER
Sleeping for 500 milliseconds
    // activityResuming(com.yishouapp.fumi)
:Sending Key (ACTION_DOWN): 19    // KEYCODE_DPAD_UP
:Sending Key (ACTION_UP): 19    // KEYCODE_DPAD_UP
Sleeping for 500 milliseconds
:Sending Touch (ACTION_DOWN): 0:(541.0,2060.0)
:Sending Touch (ACTION_MOVE): 0:(544.1261,2070.5464)
:Sending Touch (ACTION_MOVE): 0:(546.56256,2083.0815)
:Sending Touch (ACTION_MOVE): 0:(548.96063,2098.9849)
:Sending Touch (ACTION_MOVE): 0:(551.2486,2109.261)
:Sending Touch (ACTION_MOVE): 0:(552.93317,2125.583)
:Sending Touch (ACTION_MOVE): 0:(554.24713,2133.7383)
:Sending Touch (ACTION_MOVE): 0:(554.99585,2145.6165)
:Sending Touch (ACTION_UP): 0:(555.3183,2154.4094)
Sleeping for 500 milliseconds
:Sending Key (ACTION_DOWN): 82    // KEYCODE_MENU
:Sending Key (ACTION_UP): 82    // KEYCODE_MENU
Sleeping for 500 milliseconds
:Sending Key (ACTION_DOWN): 23    // KEYCODE_DPAD_CENTER
:Sending Key (ACTION_UP): 23    // KEYCODE_DPAD_CENTER
Sleeping for 500 milliseconds
:Sending Trackball (ACTION_MOVE): 0:(4.0,4.0)
:Sending Trackball (ACTION_MOVE): 0:(-1.0,-3.0)
:Sending Trackball (ACTION_MOVE): 0:(1.0,1.0)
:Sending Trackball (ACTION_MOVE): 0:(-5.0,2.0)
:Sending Trackball (ACTION_MOVE): 0:(3.0,0.0)
:Sending Trackball (ACTION_MOVE): 0:(1.0,3.0)
:Sending Trackball (ACTION_MOVE): 0:(-3.0,0.0)
:Sending Trackball (ACTION_MOVE): 0:(-2.0,-2.0)
:Sending Trackball (ACTION_MOVE): 0:(-2.0,3.0)
:Sending Trackball (ACTION_MOVE): 0:(1.0,-4.0)
:Sending Key (ACTION_DOWN): 21    // KEYCODE_DPAD_LEFT
:Sending Key (ACTION_UP): 21    // KEYCODE_DPAD_LEFT
Sleeping for 500 milliseconds
:Sending Key (ACTION_DOWN): 20    // KEYCODE_DPAD_DOWN
:Sending Key (ACTION_UP): 20    // KEYCODE_DPAD_DOWN
Sleeping for 500 milliseconds
:Sending Key (ACTION_DOWN): 134    // KEYCODE_F4
:Sending Key (ACTION_UP): 134    // KEYCODE_F4
Sleeping for 500 milliseconds
:Sending Key (ACTION_DOWN): 19    // KEYCODE_DPAD_UP
:Sending Key (ACTION_UP): 19    // KEYCODE_DPAD_UP
Sleeping for 500 milliseconds
:Sending Key (ACTION_DOWN): 21    // KEYCODE_DPAD_LEFT
:Sending Key (ACTION_UP): 21    // KEYCODE_DPAD_LEFT
Sleeping for 500 milliseconds
:Sending Touch (ACTION_DOWN): 0:(861.0,888.0)
:Sending Touch (ACTION_UP): 0:(862.8625,890.7435)
Sleeping for 500 milliseconds
:Sending Key (ACTION_DOWN): 19    // KEYCODE_DPAD_UP
:Sending Key (ACTION_UP): 19    // KEYCODE_DPAD_UP
Sleeping for 500 milliseconds
:Sending Key (ACTION_DOWN): 22    // KEYCODE_DPAD_RIGHT
:Sending Key (ACTION_UP): 22    // KEYCODE_DPAD_RIGHT
Sleeping for 500 milliseconds
:Sending Key (ACTION_DOWN): 20    // KEYCODE_DPAD_DOWN
:Sending Key (ACTION_UP): 20    // KEYCODE_DPAD_DOWN
Sleeping for 500 milliseconds
:Sending Key (ACTION_DOWN): 82    // KEYCODE_MENU
:Sending Key (ACTION_UP): 82    // KEYCODE_MENU
    //[calendar_time:2020-11-12 17:25:09.235  system_uptime:287836235]
    // Sending event #100
Sleeping for 500 milliseconds
    //[calendar_time:2020-11-12 17:25:09.738  system_uptime:287836737]
    // Sending event #100
:Sending Key (ACTION_DOWN): 21    // KEYCODE_DPAD_LEFT
:Sending Key (ACTION_UP): 21    // KEYCODE_DPAD_LEFT
Sleeping for 500 milliseconds
:Sending Touch (ACTION_DOWN): 0:(661.0,364.0)
:Sending Touch (ACTION_UP): 0:(661.4356,366.04037)
Sleeping for 500 milliseconds
:Sending Flip keyboardOpen=false
Got IOException performing flipjava.io.FileNotFoundException: /dev/input/event0: open failed: EACCES (Permission denied)
    // Injection Failed
Sleeping for 500 milliseconds
:Sending Key (ACTION_DOWN): 19    // KEYCODE_DPAD_UP
:Sending Key (ACTION_UP): 19    // KEYCODE_DPAD_UP
Sleeping for 500 milliseconds
:Sending Key (ACTION_DOWN): 82    // KEYCODE_MENU
:Sending Key (ACTION_UP): 82    // KEYCODE_MENU
Sleeping for 500 milliseconds
:Sending Touch (ACTION_DOWN): 0:(661.0,924.0)
:Sending Touch (ACTION_UP): 0:(661.80347,927.41394)
Sleeping for 500 milliseconds
:Sending Key (ACTION_DOWN): 22    // KEYCODE_DPAD_RIGHT
:Sending Key (ACTION_UP): 22    // KEYCODE_DPAD_RIGHT
Sleeping for 500 milliseconds
:Sending Touch (ACTION_DOWN): 0:(981.0,448.0)
:Sending Touch (ACTION_UP): 0:(979.7499,447.30798)
Sleeping for 500 milliseconds
:Sending Trackball (ACTION_MOVE): 0:(3.0,4.0)
:Sending Trackball (ACTION_MOVE): 0:(-4.0,2.0)
:Sending Trackball (ACTION_MOVE): 0:(-4.0,-3.0)
:Sending Trackball (ACTION_MOVE): 0:(-3.0,-3.0)
:Sending Trackball (ACTION_MOVE): 0:(0.0,-3.0)
:Sending Trackball (ACTION_MOVE): 0:(1.0,4.0)
:Sending Trackball (ACTION_MOVE): 0:(1.0,-4.0)
:Sending Trackball (ACTION_MOVE): 0:(-2.0,1.0)
:Sending Trackball (ACTION_MOVE): 0:(-4.0,-5.0)
:Sending Trackball (ACTION_MOVE): 0:(-4.0,-5.0)
:Switch: #Intent;action=android.intent.action.MAIN;category=android.intent.category.LAUNCHER;launchFlags=0x10200000;component=com.yishouapp.fumi/.activity.ApiChoseActivity;end
    // Allowing start of Intent { act=android.intent.action.MAIN cat=[android.intent.category.LAUNCHER] cmp=com.yishouapp.fumi/.activity.ApiChoseActivity } in package com.yishouapp.fumi
Sleeping for 500 milliseconds
:Sending Key (ACTION_DOWN): 82    // KEYCODE_MENU
:Sending Key (ACTION_UP): 82    // KEYCODE_MENU
Sleeping for 500 milliseconds
:Sending Trackball (ACTION_MOVE): 0:(-2.0,1.0)
:Sending Trackball (ACTION_MOVE): 0:(0.0,1.0)
:Sending Trackball (ACTION_MOVE): 0:(-2.0,2.0)
:Sending Trackball (ACTION_MOVE): 0:(-3.0,0.0)
:Sending Trackball (ACTION_MOVE): 0:(-2.0,-1.0)
:Sending Trackball (ACTION_MOVE): 0:(-2.0,-5.0)
:Sending Trackball (ACTION_MOVE): 0:(-4.0,-3.0)
:Sending Trackball (ACTION_MOVE): 0:(-5.0,2.0)
:Sending Trackball (ACTION_MOVE): 0:(2.0,-2.0)
:Sending Trackball (ACTION_MOVE): 0:(3.0,-3.0)
:Sending Trackball (ACTION_MOVE): 0:(4.0,4.0)
:Sending Trackball (ACTION_MOVE): 0:(3.0,-5.0)
:Sending Trackball (ACTION_MOVE): 0:(1.0,-2.0)
:Sending Trackball (ACTION_MOVE): 0:(0.0,-5.0)
:Sending Trackball (ACTION_MOVE): 0:(-2.0,-5.0)
:Sending Trackball (ACTION_MOVE): 0:(-5.0,-2.0)
:Sending Trackball (ACTION_MOVE): 0:(-5.0,0.0)
:Sending Trackball (ACTION_MOVE): 0:(3.0,2.0)
:Sending Trackball (ACTION_MOVE): 0:(-2.0,-3.0)
:Sending Trackball (ACTION_MOVE): 0:(-5.0,4.0)
:Sending Trackball (ACTION_DOWN): 0:(0.0,0.0)
:Sending Trackball (ACTION_UP): 0:(0.0,0.0)
Sleeping for 500 milliseconds
:Sending Touch (ACTION_DOWN): 0:(743.0,2242.0)
:Sending Touch (ACTION_MOVE): 0:(721.86145,2239.6973)
:Sending Touch (ACTION_MOVE): 0:(703.45886,2236.2131)
:Sending Touch (ACTION_MOVE): 0:(686.77606,2232.3154)
:Sending Touch (ACTION_MOVE): 0:(686.0875,2226.9707)
:Sending Touch (ACTION_MOVE): 0:(680.3963,2226.4434)
:Sending Touch (ACTION_MOVE): 0:(657.81354,2220.2773)
:Sending Touch (ACTION_MOVE): 0:(654.8916,2216.2578)
:Sending Touch (ACTION_MOVE): 0:(640.68256,2215.6838)
:Sending Touch (ACTION_MOVE): 0:(630.574,2211.7803)
:Sending Touch (ACTION_UP): 0:(607.16974,2210.7544)
Sleeping for 500 milliseconds
:Sending Touch (ACTION_DOWN): 0:(621.0,1424.0)
:Sending Touch (ACTION_UP): 0:(607.8328,1430.4722)
Sleeping for 500 milliseconds
:Sending Key (ACTION_DOWN): 23    // KEYCODE_DPAD_CENTER
:Sending Key (ACTION_UP): 23    // KEYCODE_DPAD_CENTER
Sleeping for 500 milliseconds
:Sending Key (ACTION_DOWN): 23    // KEYCODE_DPAD_CENTER
:Sending Key (ACTION_UP): 23    // KEYCODE_DPAD_CENTER
Sleeping for 500 milliseconds
:Sending Trackball (ACTION_MOVE): 0:(2.0,0.0)
:Sending Trackball (ACTION_MOVE): 0:(1.0,-5.0)
:Sending Trackball (ACTION_MOVE): 0:(-3.0,-2.0)
:Sending Trackball (ACTION_MOVE): 0:(2.0,0.0)
:Sending Trackball (ACTION_MOVE): 0:(3.0,-2.0)
:Sending Trackball (ACTION_MOVE): 0:(1.0,-1.0)
:Sending Trackball (ACTION_MOVE): 0:(-5.0,-3.0)
:Sending Trackball (ACTION_MOVE): 0:(-2.0,1.0)
:Sending Trackball (ACTION_MOVE): 0:(-1.0,4.0)
:Sending Trackball (ACTION_MOVE): 0:(4.0,-2.0)
:Sending Trackball (ACTION_MOVE): 0:(4.0,1.0)
:Sending Trackball (ACTION_MOVE): 0:(-4.0,-2.0)
:Sending Trackball (ACTION_MOVE): 0:(-1.0,-2.0)
:Sending Trackball (ACTION_MOVE): 0:(-2.0,4.0)
:Sending Trackball (ACTION_MOVE): 0:(3.0,0.0)
:Sending Trackball (ACTION_MOVE): 0:(2.0,-2.0)
:Sending Trackball (ACTION_MOVE): 0:(-2.0,1.0)
:Sending Trackball (ACTION_MOVE): 0:(1.0,2.0)
:Sending Trackball (ACTION_MOVE): 0:(0.0,-5.0)
:Sending Trackball (ACTION_MOVE): 0:(1.0,-1.0)
:Sending Key (ACTION_DOWN): 16    // KEYCODE_9
:Sending Key (ACTION_UP): 16    // KEYCODE_9
Sleeping for 500 milliseconds
:Sending Key (ACTION_DOWN): 19    // KEYCODE_DPAD_UP
:Sending Key (ACTION_UP): 19    // KEYCODE_DPAD_UP
Sleeping for 500 milliseconds
:Sending Key (ACTION_DOWN): 19    // KEYCODE_DPAD_UP
:Sending Key (ACTION_UP): 19    // KEYCODE_DPAD_UP
Sleeping for 500 milliseconds
:Sending Key (ACTION_DOWN): 56    // KEYCODE_PERIOD
:Sending Key (ACTION_UP): 56    // KEYCODE_PERIOD
Sleeping for 500 milliseconds
:Sending Key (ACTION_DOWN): 260    // KEYCODE_NAVIGATE_PREVIOUS
:Sending Key (ACTION_UP): 260    // KEYCODE_NAVIGATE_PREVIOUS
Sleeping for 500 milliseconds
:Sending Touch (ACTION_DOWN): 0:(497.0,837.0)
:Sending Touch (ACTION_MOVE): 0:(496.7968,836.30725)
:Sending Touch (ACTION_MOVE): 0:(491.9309,833.407)
    //[calendar_time:2020-11-12 17:25:20.573  system_uptime:287847572]
    // Sending event #200
:Sending Touch (ACTION_MOVE): 0:(484.34973,827.78424)
:Sending Touch (ACTION_MOVE): 0:(478.24417,822.2451)
:Sending Touch (ACTION_MOVE): 0:(464.78766,816.6258)
:Sending Touch (ACTION_MOVE): 0:(450.52884,814.41394)
:Sending Touch (ACTION_MOVE): 0:(434.45532,809.9279)
:Sending Touch (ACTION_MOVE): 0:(428.7226,809.00146)
:Sending Touch (ACTION_UP): 0:(415.6334,805.67413)
Sleeping for 500 milliseconds
:Sending Touch (ACTION_DOWN): 0:(346.0,1003.0)
:Sending Touch (ACTION_MOVE): 0:(352.40256,996.52106)
:Sending Touch (ACTION_MOVE): 0:(355.38098,984.0596)
:Sending Touch (ACTION_MOVE): 0:(360.499,974.3055)
:Sending Touch (ACTION_MOVE): 0:(362.96646,972.66425)
:Sending Touch (ACTION_MOVE): 0:(364.44717,961.00226)
:Sending Touch (ACTION_UP): 0:(370.554,949.0802)
Sleeping for 500 milliseconds
:Sending Touch (ACTION_DOWN): 0:(999.0,834.0)
:Sending Touch (ACTION_UP): 0:(980.33203,833.66565)
Sleeping for 500 milliseconds
:Sending Key (ACTION_DOWN): 23    // KEYCODE_DPAD_CENTER
:Sending Key (ACTION_UP): 23    // KEYCODE_DPAD_CENTER
Sleeping for 500 milliseconds
:Sending Touch (ACTION_DOWN): 0:(510.0,1395.0)
:Sending Touch (ACTION_MOVE): 0:(517.4288,1409.2213)
:Sending Touch (ACTION_MOVE): 0:(526.14465,1415.5245)
:Sending Touch (ACTION_UP): 0:(534.2315,1421.5677)
Sleeping for 500 milliseconds
:Sending Trackball (ACTION_MOVE): 0:(2.0,3.0)
:Sending Trackball (ACTION_MOVE): 0:(-4.0,3.0)
:Sending Trackball (ACTION_MOVE): 0:(2.0,1.0)
:Sending Trackball (ACTION_MOVE): 0:(1.0,-4.0)
:Sending Trackball (ACTION_MOVE): 0:(-1.0,4.0)
:Sending Trackball (ACTION_MOVE): 0:(3.0,3.0)
:Sending Trackball (ACTION_MOVE): 0:(4.0,-3.0)
:Sending Trackball (ACTION_MOVE): 0:(-3.0,0.0)
:Sending Trackball (ACTION_MOVE): 0:(4.0,-4.0)
:Sending Trackball (ACTION_MOVE): 0:(2.0,1.0)
:Sending Trackball (ACTION_DOWN): 0:(0.0,0.0)
:Sending Trackball (ACTION_UP): 0:(0.0,0.0)
Sleeping for 500 milliseconds
:Sending Touch (ACTION_DOWN): 0:(784.0,1957.0)
:Sending Touch (ACTION_MOVE): 0:(784.4747,1950.7585)
:Sending Touch (ACTION_UP): 0:(786.3873,1940.2656)
Sleeping for 500 milliseconds
:Sending Key (ACTION_DOWN): 22    // KEYCODE_DPAD_RIGHT
:Sending Key (ACTION_UP): 22    // KEYCODE_DPAD_RIGHT
Sleeping for 500 milliseconds
:Sending Key (ACTION_DOWN): 21    // KEYCODE_DPAD_LEFT
:Sending Key (ACTION_UP): 21    // KEYCODE_DPAD_LEFT
Sleeping for 500 milliseconds
:Sending Key (ACTION_DOWN): 20    // KEYCODE_DPAD_DOWN
:Sending Key (ACTION_UP): 20    // KEYCODE_DPAD_DOWN
Sleeping for 500 milliseconds
:Sending Key (ACTION_DOWN): 22    // KEYCODE_DPAD_RIGHT
:Sending Key (ACTION_UP): 22    // KEYCODE_DPAD_RIGHT
Sleeping for 500 milliseconds
:Sending Key (ACTION_DOWN): 23    // KEYCODE_DPAD_CENTER
:Sending Key (ACTION_UP): 23    // KEYCODE_DPAD_CENTER
Sleeping for 500 milliseconds
:Sending Key (ACTION_DOWN): 19    // KEYCODE_DPAD_UP
:Sending Key (ACTION_UP): 19    // KEYCODE_DPAD_UP
Sleeping for 500 milliseconds
:Sending Key (ACTION_DOWN): 20    // KEYCODE_DPAD_DOWN
:Sending Key (ACTION_UP): 20    // KEYCODE_DPAD_DOWN
Sleeping for 500 milliseconds
:Switch: #Intent;action=android.intent.action.MAIN;category=android.intent.category.LAUNCHER;launchFlags=0x10200000;component=com.yishouapp.fumi/.activity.ApiChoseActivity;end
    // Allowing start of Intent { act=android.intent.action.MAIN cat=[android.intent.category.LAUNCHER] cmp=com.yishouapp.fumi/.activity.ApiChoseActivity } in package com.yishouapp.fumi
Sleeping for 500 milliseconds
:Sending Trackball (ACTION_MOVE): 0:(3.0,-4.0)
:Sending Trackball (ACTION_MOVE): 0:(-4.0,4.0)
:Sending Trackball (ACTION_MOVE): 0:(1.0,-3.0)
:Sending Trackball (ACTION_MOVE): 0:(-2.0,0.0)
:Sending Trackball (ACTION_MOVE): 0:(4.0,0.0)
:Sending Trackball (ACTION_MOVE): 0:(0.0,0.0)
:Sending Trackball (ACTION_MOVE): 0:(3.0,-1.0)
:Sending Trackball (ACTION_MOVE): 0:(-3.0,0.0)
:Sending Trackball (ACTION_MOVE): 0:(3.0,4.0)
:Sending Trackball (ACTION_MOVE): 0:(-3.0,0.0)
:Sending Trackball (ACTION_MOVE): 0:(0.0,1.0)
:Sending Trackball (ACTION_MOVE): 0:(-5.0,-3.0)
:Sending Trackball (ACTION_MOVE): 0:(3.0,4.0)
:Sending Trackball (ACTION_MOVE): 0:(0.0,-5.0)
:Sending Trackball (ACTION_MOVE): 0:(3.0,-4.0)
:Sending Trackball (ACTION_MOVE): 0:(4.0,4.0)
:Sending Trackball (ACTION_MOVE): 0:(-2.0,-1.0)
:Sending Trackball (ACTION_MOVE): 0:(0.0,0.0)
:Sending Trackball (ACTION_MOVE): 0:(-5.0,0.0)
:Sending Trackball (ACTION_MOVE): 0:(2.0,0.0)
:Sending Key (ACTION_DOWN): 21    // KEYCODE_DPAD_LEFT
:Sending Key (ACTION_UP): 21    // KEYCODE_DPAD_LEFT
Sleeping for 500 milliseconds
:Sending Touch (ACTION_DOWN): 0:(271.0,2271.0)
:Sending Touch (ACTION_UP): 0:(276.5572,2266.1553)
Sleeping for 500 milliseconds
    // Allowing start of Intent { cmp=com.yishouapp.fumi/.CustomerConsuleChoseActivity } in package com.yishouapp.fumi
:Sending Key (ACTION_DOWN): 23    // KEYCODE_DPAD_CENTER
:Sending Key (ACTION_UP): 23    // KEYCODE_DPAD_CENTER
Sleeping for 500 milliseconds
:Sending Touch (ACTION_DOWN): 0:(766.0,15.0)
:Sending Touch (ACTION_UP): 0:(765.78485,10.770983)
Sleeping for 500 milliseconds
:Sending Key (ACTION_DOWN): 194    // KEYCODE_BUTTON_7
:Sending Key (ACTION_UP): 194    // KEYCODE_BUTTON_7
Sleeping for 500 milliseconds
    // activityResuming(com.yishouapp.fumi)
:Sending Key (ACTION_DOWN): 21    // KEYCODE_DPAD_LEFT
:Sending Key (ACTION_UP): 21    // KEYCODE_DPAD_LEFT
Sleeping for 500 milliseconds
:Sending Touch (ACTION_DOWN): 0:(219.0,2317.0)
:Sending Touch (ACTION_POINTER_DOWN 1): 0:(228.27484,2317.892) 1:(169.0,873.0)
:Sending Touch (ACTION_MOVE): 0:(234.40875,2318.9177) 1:(175.3032,882.0727)
:Sending Touch (ACTION_POINTER_UP 1): 0:(241.17372,2319.756) 1:(182.72359,892.39233)
:Sending Touch (ACTION_UP): 0:(253.76074,2320.5613)
Sleeping for 500 milliseconds
:Sending Touch (ACTION_DOWN): 0:(1033.0,197.0)
:Sending Touch (ACTION_UP): 0:(1029.8789,184.90201)
Sleeping for 500 milliseconds
:Sending Key (ACTION_DOWN): 22    // KEYCODE_DPAD_RIGHT
:Sending Key (ACTION_UP): 22    // KEYCODE_DPAD_RIGHT
Sleeping for 500 milliseconds
:Sending Key (ACTION_DOWN): 82    // KEYCODE_MENU
:Sending Key (ACTION_UP): 82    // KEYCODE_MENU
Sleeping for 500 milliseconds
:Sending Key (ACTION_DOWN): 20    // KEYCODE_DPAD_DOWN
:Sending Key (ACTION_UP): 20    // KEYCODE_DPAD_DOWN
Sleeping for 500 milliseconds
:Sending Key (ACTION_DOWN): 19    // KEYCODE_DPAD_UP
:Sending Key (ACTION_UP): 19    // KEYCODE_DPAD_UP
Sleeping for 500 milliseconds
:Sending Key (ACTION_DOWN): 3    // KEYCODE_HOME
    //[calendar_time:2020-11-12 17:25:35.070  system_uptime:287862069]
    // Sending event #300
:Sending Key (ACTION_UP): 3    // KEYCODE_HOME
Sleeping for 500 milliseconds
    // Allowing start of Intent { act=android.intent.action.MAIN cat=[android.intent.category.HOME] cmp=com.bbk.launcher2/.Launcher } in package com.bbk.launcher2
    // activityResuming(com.bbk.launcher2)
    // Rejecting resume of package com.bbk.launcher2
:Sending Trackball (ACTION_MOVE): 0:(-3.0,-1.0)
:Sending Trackball (ACTION_MOVE): 0:(-3.0,4.0)
:Sending Trackball (ACTION_MOVE): 0:(3.0,-1.0)
:Sending Trackball (ACTION_MOVE): 0:(4.0,3.0)
:Sending Trackball (ACTION_MOVE): 0:(-2.0,2.0)
:Sending Trackball (ACTION_MOVE): 0:(2.0,-2.0)
:Sending Trackball (ACTION_MOVE): 0:(0.0,-4.0)
:Sending Trackball (ACTION_MOVE): 0:(-5.0,-3.0)
:Sending Trackball (ACTION_MOVE): 0:(-1.0,3.0)
:Sending Trackball (ACTION_MOVE): 0:(1.0,-4.0)
:Sending Key (ACTION_DOWN): 23    // KEYCODE_DPAD_CENTER
:Sending Key (ACTION_UP): 23    // KEYCODE_DPAD_CENTER
Sleeping for 500 milliseconds
:Sending Key (ACTION_DOWN): 66    // KEYCODE_ENTER
:Sending Key (ACTION_UP): 66    // KEYCODE_ENTER
Sleeping for 500 milliseconds
:Sending Flip keyboardOpen=true
Got IOException performing flipjava.io.FileNotFoundException: /dev/input/event0: open failed: EACCES (Permission denied)
    // Injection Failed
Sleeping for 500 milliseconds
:Sending Key (ACTION_DOWN): 82    // KEYCODE_MENU
:Sending Key (ACTION_UP): 82    // KEYCODE_MENU
Sleeping for 500 milliseconds
:Sending Touch (ACTION_DOWN): 0:(827.0,722.0)
:Sending Touch (ACTION_UP): 0:(822.6453,738.18134)
Sleeping for 500 milliseconds
:Sending Key (ACTION_DOWN): 19    // KEYCODE_DPAD_UP
:Sending Key (ACTION_UP): 19    // KEYCODE_DPAD_UP
Sleeping for 500 milliseconds
:Sending Key (ACTION_DOWN): 181    // KEYCODE_AVR_POWER
:Sending Key (ACTION_UP): 181    // KEYCODE_AVR_POWER
Sleeping for 500 milliseconds
:Sending Touch (ACTION_DOWN): 0:(622.0,2002.0)
:Sending Touch (ACTION_UP): 0:(630.1494,1993.9891)
Sleeping for 500 milliseconds
:Sending Trackball (ACTION_MOVE): 0:(3.0,-4.0)
:Sending Trackball (ACTION_MOVE): 0:(-1.0,0.0)
:Sending Trackball (ACTION_MOVE): 0:(2.0,2.0)
:Sending Trackball (ACTION_MOVE): 0:(3.0,0.0)
:Sending Trackball (ACTION_MOVE): 0:(-2.0,-1.0)
:Sending Trackball (ACTION_MOVE): 0:(-2.0,-5.0)
:Sending Trackball (ACTION_MOVE): 0:(-5.0,3.0)
:Sending Trackball (ACTION_MOVE): 0:(3.0,-4.0)
:Sending Trackball (ACTION_MOVE): 0:(0.0,3.0)
:Sending Trackball (ACTION_MOVE): 0:(-2.0,4.0)
:Sending Key (ACTION_DOWN): 19    // KEYCODE_DPAD_UP
:Sending Key (ACTION_UP): 19    // KEYCODE_DPAD_UP
Sleeping for 500 milliseconds
:Sending Key (ACTION_DOWN): 82    // KEYCODE_MENU
:Sending Key (ACTION_UP): 82    // KEYCODE_MENU
Sleeping for 500 milliseconds
:Sending Key (ACTION_DOWN): 23    // KEYCODE_DPAD_CENTER
:Sending Key (ACTION_UP): 23    // KEYCODE_DPAD_CENTER
Sleeping for 500 milliseconds
:Sending Trackball (ACTION_MOVE): 0:(-4.0,-5.0)
:Sending Trackball (ACTION_MOVE): 0:(3.0,0.0)
:Sending Trackball (ACTION_MOVE): 0:(-5.0,0.0)
:Sending Trackball (ACTION_MOVE): 0:(1.0,3.0)
:Sending Trackball (ACTION_MOVE): 0:(-1.0,0.0)
:Sending Trackball (ACTION_MOVE): 0:(-1.0,2.0)
:Sending Trackball (ACTION_MOVE): 0:(0.0,-3.0)
:Sending Trackball (ACTION_MOVE): 0:(0.0,4.0)
:Sending Trackball (ACTION_MOVE): 0:(1.0,-4.0)
:Sending Trackball (ACTION_MOVE): 0:(4.0,-2.0)
:Sending Touch (ACTION_DOWN): 0:(1077.0,2060.0)
:Sending Touch (ACTION_UP): 0:(1065.1912,2063.8325)
Sleeping for 500 milliseconds
:Sending Key (ACTION_DOWN): 82    // KEYCODE_MENU
:Sending Key (ACTION_UP): 82    // KEYCODE_MENU
Sleeping for 500 milliseconds
:Sending Key (ACTION_DOWN): 20    // KEYCODE_DPAD_DOWN
:Sending Key (ACTION_UP): 20    // KEYCODE_DPAD_DOWN
Sleeping for 500 milliseconds
:Sending Key (ACTION_DOWN): 19    // KEYCODE_DPAD_UP
:Sending Key (ACTION_UP): 19    // KEYCODE_DPAD_UP
Sleeping for 500 milliseconds
:Sending Key (ACTION_DOWN): 21    // KEYCODE_DPAD_LEFT
:Sending Key (ACTION_UP): 21    // KEYCODE_DPAD_LEFT
Sleeping for 500 milliseconds
:Sending Key (ACTION_DOWN): 82    // KEYCODE_MENU
:Sending Key (ACTION_UP): 82    // KEYCODE_MENU
Sleeping for 500 milliseconds
:Sending Key (ACTION_DOWN): 82    // KEYCODE_MENU
:Sending Key (ACTION_UP): 82    // KEYCODE_MENU
Sleeping for 500 milliseconds
:Sending Key (ACTION_DOWN): 3    // KEYCODE_HOME
:Sending Key (ACTION_UP): 3    // KEYCODE_HOME
Sleeping for 500 milliseconds
    // Allowing start of Intent { act=android.intent.action.MAIN cat=[android.intent.category.HOME] cmp=com.bbk.launcher2/.Launcher } in package com.bbk.launcher2
:Sending Key (ACTION_DOWN): 245    // KEYCODE_TV_INPUT_HDMI_3
:Sending Key (ACTION_UP): 245    // KEYCODE_TV_INPUT_HDMI_3
Sleeping for 500 milliseconds
:Sending Touch (ACTION_DOWN): 0:(492.0,923.0)
:Sending Touch (ACTION_MOVE): 0:(498.7051,919.54565)
:Sending Touch (ACTION_MOVE): 0:(503.21494,917.86)
:Sending Touch (ACTION_MOVE): 0:(508.26923,915.7926)
:Sending Touch (ACTION_UP): 0:(508.61502,914.25024)
Sleeping for 500 milliseconds
:Sending Key (ACTION_DOWN): 25    // KEYCODE_VOLUME_DOWN
:Sending Key (ACTION_UP): 25    // KEYCODE_VOLUME_DOWN
Sleeping for 500 milliseconds
:Sending Key (ACTION_DOWN): 82    // KEYCODE_MENU
:Sending Key (ACTION_UP): 82    // KEYCODE_MENU
Sleeping for 500 milliseconds
:Sending Key (ACTION_DOWN): 23    // KEYCODE_DPAD_CENTER
:Sending Key (ACTION_UP): 23    // KEYCODE_DPAD_CENTER
Sleeping for 500 milliseconds
:Sending Touch (ACTION_DOWN): 0:(518.0,1552.0)
:Sending Touch (ACTION_MOVE): 0:(516.04016,1560.2738)
:Sending Touch (ACTION_MOVE): 0:(500.9842,1572.9097)
:Sending Touch (ACTION_MOVE): 0:(500.19037,1584.5269)
:Sending Touch (ACTION_MOVE): 0:(488.9893,1607.8868)
:Sending Touch (ACTION_MOVE): 0:(487.9665,1624.2327)
:Sending Touch (ACTION_MOVE): 0:(478.27496,1637.24)
:Sending Touch (ACTION_MOVE): 0:(468.25885,1656.4155)
:Sending Touch (ACTION_MOVE): 0:(458.12994,1667.0123)
:Sending Touch (ACTION_UP): 0:(456.21512,1687.1414)
Sleeping for 500 milliseconds
:Sending Trackball (ACTION_MOVE): 0:(-3.0,3.0)
:Sending Trackball (ACTION_MOVE): 0:(-2.0,-2.0)
:Sending Trackball (ACTION_MOVE): 0:(-5.0,3.0)
:Sending Trackball (ACTION_MOVE): 0:(-4.0,-4.0)
:Sending Trackball (ACTION_MOVE): 0:(3.0,-1.0)
:Sending Trackball (ACTION_MOVE): 0:(1.0,-4.0)
:Sending Trackball (ACTION_MOVE): 0:(1.0,-5.0)
:Sending Trackball (ACTION_MOVE): 0:(-2.0,-5.0)
:Sending Trackball (ACTION_MOVE): 0:(-2.0,2.0)
    //[calendar_time:2020-11-12 17:25:48.998  system_uptime:287875997]
    // Sending event #400
:Sending Trackball (ACTION_MOVE): 0:(-3.0,4.0)
:Sending Flip keyboardOpen=false
Got IOException performing flipjava.io.FileNotFoundException: /dev/input/event0: open failed: EACCES (Permission denied)
    // Injection Failed
Sleeping for 500 milliseconds
:Sending Flip keyboardOpen=true
Got IOException performing flipjava.io.FileNotFoundException: /dev/input/event0: open failed: EACCES (Permission denied)
    // Injection Failed
Sleeping for 500 milliseconds
:Sending Touch (ACTION_DOWN): 0:(740.0,1574.0)
:Sending Touch (ACTION_UP): 0:(742.7027,1575.3226)
Sleeping for 500 milliseconds
    // Rejecting start of Intent { act=android.intent.action.MAIN cat=[android.intent.category.LAUNCHER] cmp=com.android.contacts/.DialtactsContactsEntryActivity } in package com.android.contacts
:Sending Key (ACTION_DOWN): 20    // KEYCODE_DPAD_DOWN
:Sending Key (ACTION_UP): 20    // KEYCODE_DPAD_DOWN
Sleeping for 500 milliseconds
:Sending Touch (ACTION_DOWN): 0:(291.0,200.0)
:Sending Touch (ACTION_UP): 0:(290.81198,176.74124)
Sleeping for 500 milliseconds
    // Rejecting start of Intent { cmp=com.android.BBKClock/.Timer } in package com.android.BBKClock
:Sending Key (ACTION_DOWN): 19    // KEYCODE_DPAD_UP
:Sending Key (ACTION_UP): 19    // KEYCODE_DPAD_UP
Sleeping for 500 milliseconds
:Sending Key (ACTION_DOWN): 82    // KEYCODE_MENU
:Sending Key (ACTION_UP): 82    // KEYCODE_MENU
Sleeping for 500 milliseconds
:Sending Trackball (ACTION_MOVE): 0:(-5.0,-5.0)
:Sending Trackball (ACTION_MOVE): 0:(-5.0,-2.0)
:Sending Trackball (ACTION_MOVE): 0:(3.0,-2.0)
:Sending Trackball (ACTION_MOVE): 0:(-1.0,-2.0)
:Sending Trackball (ACTION_MOVE): 0:(-2.0,3.0)
:Sending Trackball (ACTION_MOVE): 0:(4.0,-1.0)
:Sending Trackball (ACTION_MOVE): 0:(3.0,-5.0)
:Sending Trackball (ACTION_MOVE): 0:(1.0,1.0)
:Sending Trackball (ACTION_MOVE): 0:(-2.0,3.0)
:Sending Trackball (ACTION_MOVE): 0:(1.0,3.0)
:Sending Trackball (ACTION_DOWN): 0:(0.0,0.0)
:Sending Trackball (ACTION_UP): 0:(0.0,0.0)
Sleeping for 500 milliseconds
:Sending Touch (ACTION_DOWN): 0:(469.0,2235.0)
:Sending Touch (ACTION_MOVE): 0:(470.61835,2235.4443)
:Sending Touch (ACTION_MOVE): 0:(481.9149,2236.139)
:Sending Touch (ACTION_MOVE): 0:(483.9701,2237.359)
:Sending Touch (ACTION_MOVE): 0:(498.00952,2237.5085)
:Sending Touch (ACTION_MOVE): 0:(501.41122,2238.287)
:Sending Touch (ACTION_MOVE): 0:(501.92584,2239.2324)
:Sending Touch (ACTION_MOVE): 0:(510.2427,2240.2507)
:Sending Touch (ACTION_UP): 0:(518.66956,2241.3586)
    // Rejecting start of Intent { act=android.intent.action.MAIN cat=[android.intent.category.LAUNCHER] cmp=com.vivo.browser/.BrowserActivity } in package com.vivo.browser
Sleeping for 500 milliseconds
:Sending Key (ACTION_DOWN): 48    // KEYCODE_T
:Sending Key (ACTION_UP): 48    // KEYCODE_T
    // Rejecting start of Intent { act=android.search.action.GLOBAL_SEARCH cmp=com.baidu.searchbox/com.baidu.search.fastsearch.SearchActivity } in package com.baidu.searchbox
Sleeping for 500 milliseconds
:Sending Trackball (ACTION_MOVE): 0:(-3.0,-3.0)
:Sending Trackball (ACTION_MOVE): 0:(4.0,-3.0)
:Sending Trackball (ACTION_MOVE): 0:(-3.0,1.0)
:Sending Trackball (ACTION_MOVE): 0:(2.0,4.0)
:Sending Trackball (ACTION_MOVE): 0:(4.0,2.0)
:Sending Trackball (ACTION_MOVE): 0:(-3.0,-3.0)
:Sending Trackball (ACTION_MOVE): 0:(-3.0,-3.0)
:Sending Trackball (ACTION_MOVE): 0:(4.0,4.0)
:Sending Trackball (ACTION_MOVE): 0:(-1.0,4.0)
:Sending Trackball (ACTION_MOVE): 0:(4.0,-4.0)
:Sending Key (ACTION_DOWN): 22    // KEYCODE_DPAD_RIGHT
:Sending Key (ACTION_UP): 22    // KEYCODE_DPAD_RIGHT
Sleeping for 500 milliseconds
:Sending Key (ACTION_DOWN): 20    // KEYCODE_DPAD_DOWN
:Sending Key (ACTION_UP): 20    // KEYCODE_DPAD_DOWN
Sleeping for 500 milliseconds
:Sending Touch (ACTION_DOWN): 0:(236.0,541.0)
:Sending Touch (ACTION_MOVE): 0:(235.98425,542.30286)
:Sending Touch (ACTION_MOVE): 0:(235.89763,543.5977)
:Sending Touch (ACTION_MOVE): 0:(235.87857,545.2232)
:Sending Touch (ACTION_MOVE): 0:(235.87541,546.52423)
:Sending Touch (ACTION_MOVE): 0:(235.82817,547.07184)
:Sending Touch (ACTION_MOVE): 0:(235.7654,548.44904)
:Sending Touch (ACTION_MOVE): 0:(235.74677,548.5593)
:Sending Touch (ACTION_MOVE): 0:(235.65384,549.99384)
:Sending Touch (ACTION_MOVE): 0:(235.60904,550.16016)
:Sending Touch (ACTION_UP): 0:(235.52948,551.0596)
Sleeping for 500 milliseconds
:Sending Touch (ACTION_DOWN): 0:(293.0,2300.0)
:Sending Touch (ACTION_UP): 0:(298.31326,2290.0535)
Sleeping for 500 milliseconds
    // Rejecting start of Intent { act=android.intent.action.MAIN cat=[android.intent.category.LAUNCHER] cmp=com.android.mms/.ui.ConversationList } in package com.android.mms
:Sending Touch (ACTION_DOWN): 0:(851.0,380.0)
:Sending Touch (ACTION_UP): 0:(849.02893,382.20456)
Sleeping for 500 milliseconds
:Sending Trackball (ACTION_MOVE): 0:(-4.0,-4.0)
:Sending Trackball (ACTION_MOVE): 0:(1.0,1.0)
:Sending Trackball (ACTION_MOVE): 0:(3.0,4.0)
:Sending Trackball (ACTION_MOVE): 0:(1.0,0.0)
:Sending Trackball (ACTION_MOVE): 0:(1.0,-2.0)
:Sending Trackball (ACTION_MOVE): 0:(-3.0,-2.0)
:Sending Trackball (ACTION_MOVE): 0:(1.0,4.0)
:Sending Trackball (ACTION_MOVE): 0:(1.0,-4.0)
:Sending Trackball (ACTION_MOVE): 0:(-3.0,-1.0)
:Sending Trackball (ACTION_MOVE): 0:(-4.0,-3.0)
:Sending Trackball (ACTION_MOVE): 0:(-3.0,-2.0)
:Sending Trackball (ACTION_MOVE): 0:(-1.0,-1.0)
:Sending Trackball (ACTION_MOVE): 0:(0.0,3.0)
:Sending Trackball (ACTION_MOVE): 0:(0.0,3.0)
:Sending Trackball (ACTION_MOVE): 0:(-1.0,3.0)
:Sending Trackball (ACTION_MOVE): 0:(3.0,-1.0)
:Sending Trackball (ACTION_MOVE): 0:(0.0,4.0)
:Sending Trackball (ACTION_MOVE): 0:(-3.0,3.0)
:Sending Trackball (ACTION_MOVE): 0:(-4.0,3.0)
:Sending Trackball (ACTION_MOVE): 0:(-4.0,3.0)
:Sending Key (ACTION_DOWN): 19    // KEYCODE_DPAD_UP
:Sending Key (ACTION_UP): 19    // KEYCODE_DPAD_UP
Sleeping for 500 milliseconds
:Sending Key (ACTION_DOWN): 82    // KEYCODE_MENU
:Sending Key (ACTION_UP): 82    // KEYCODE_MENU
Sleeping for 500 milliseconds
:Sending Key (ACTION_DOWN): 208    // KEYCODE_CALENDAR
    // Rejecting start of Intent { act=android.intent.action.MAIN cat=[android.intent.category.LAUNCHER] cmp=com.bbk.calendar/.MainActivity } in package com.bbk.calendar
:Sending Key (ACTION_UP): 208    // KEYCODE_CALENDAR
Sleeping for 500 milliseconds
:Sending Touch (ACTION_DOWN): 0:(696.0,2015.0)
:Sending Touch (ACTION_MOVE): 0:(702.6709,2016.7521)
:Sending Touch (ACTION_MOVE): 0:(705.939,2018.4241)
:Sending Touch (ACTION_MOVE): 0:(709.7713,2020.4227)
:Sending Touch (ACTION_MOVE): 0:(717.80786,2021.9631)
:Sending Touch (ACTION_MOVE): 0:(721.6379,2022.3274)
:Sending Touch (ACTION_MOVE): 0:(729.2446,2023.3059)
:Sending Touch (ACTION_MOVE): 0:(732.35925,2024.1184)
:Sending Touch (ACTION_MOVE): 0:(739.0543,2026.1685)
Events injected: 500
:Sending rotation degree=0, persist=false
:Dropped: keys=0 pointers=0 trackballs=0 flips=4 rotations=0
## Network stats: elapsed time=63113ms (0ms mobile, 0ms wifi, 63113ms not connected)
// Monkey finished
