  bash arg: -p
  bash arg: com.yishouapp.fumi
  bash arg: --throttle
  bash arg: 500
  bash arg: --ignore-timeouts
  bash arg: --ignore-crashes
  bash arg: --monitor-native-crashes
  bash arg: -v
  bash arg: -v
  bash arg: -v
  bash arg: 500
:Monkey: seed=1605294089259 count=500
:AllowPackage: com.yishouapp.fumi
:IncludeCategory: android.intent.category.LAUNCHER
:IncludeCategory: android.intent.category.MONKEY
// Selecting main activities from category android.intent.category.LAUNCHER
//   - NOT USING main activity com.android.gallery3d.vivo.GalleryTabActivity (from package com.vivo.gallery)
//   - NOT USING main activity com.android.bbkmusic.WidgetToTrackActivity (from package com.android.bbkmusic)
//   - NOT USING main activity com.android.activity.ReclistActivity (from package com.android.bbksoundrecorder)
//   - NOT USING main activity com.android.camera.CameraActivity (from package com.android.camera)
//   - NOT USING main activity com.android.contacts.DialtactsContactsEntryActivity (from package com.android.contacts)
//   - NOT USING main activity com.android.dialer.TwelveKeyDialer (from package com.android.dialer)
//   - NOT USING main activity com.android.mms.ui.ConversationList (from package com.android.mms)
//   - NOT USING main activity com.android.settings.Settings (from package com.android.settings)
//   - NOT USING main activity com.bbk.calendar.MainActivity (from package com.bbk.calendar)
//   - NOT USING main activity com.bbk.theme.Theme (from package com.bbk.theme)
//   - NOT USING main activity com.chaozh.iReader.ui.activity.WelcomeActivity (from package com.chaozh.iReader)
//   - NOT USING main activity com.mobile.iroaming.activity.MainActivity (from package com.mobile.iroaming)
//   - NOT USING main activity com.vivo.health.main.activity.GuideActivity (from package com.vivo.health)
//   - NOT USING main activity com.baidu.baidumaps.WelcomeScreen (from package com.baidu.BaiduMap)
//   - NOT USING main activity com.qihoo.appstore.home.LauncherActivity (from package com.qihoo.appstore)
//   - NOT USING main activity com.vivo.vhome.ui.VHomeActivity (from package com.vivo.vhome)
//   - NOT USING main activity org.mozilla.firefox.App (from package org.mozilla.firefox)
//   - NOT USING main activity com.android.BBKClock.Timer (from package com.android.BBKClock)
//   - NOT USING main activity com.android.VideoPlayer.VideoPlayer (from package com.android.VideoPlayer)
//   - NOT USING main activity com.android.bbkcalculator.Calculator (from package com.android.bbkcalculator)
//   - NOT USING main activity com.android.filemanager.FileManagerActivity (from package com.android.filemanager)
//   - NOT USING main activity com.android.notes.Notes (from package com.android.notes)
//   - NOT USING main activity com.bbk.appstore.ui.AppStore (from package com.bbk.appstore)
//   - NOT USING main activity com.bbk.cloud.activities.BBKCloudHomeScreen (from package com.bbk.cloud)
//   - NOT USING main activity com.iqoo.secure.MainGuideActivity (from package com.iqoo.secure)
//   - NOT USING main activity com.vivo.Tips.MainActivity (from package com.vivo.Tips)
//   - NOT USING main activity com.vivo.agent.view.activities.JoviHomeNewActivity (from package com.vivo.agent)
//   - NOT USING main activity com.vivo.browser.BrowserActivity (from package com.vivo.browser)
//   - NOT USING main activity com.vivo.compass.CalibrationActivity (from package com.vivo.compass)
//   - NOT USING main activity com.vivo.easyshare.activity.SplashScreenActivity (from package com.vivo.easyshare)
//   - NOT USING main activity com.vivo.email.activity.Welcome (from package com.vivo.email)
//   - NOT USING main activity com.vivo.game.ui.LogoActivity (from package com.vivo.game)
//   - NOT USING main activity com.vivo.space.ui.LogoActivity (from package com.vivo.space)
//   - NOT USING main activity com.vivo.wallet.StartPageActivity (from package com.vivo.wallet)
//   - NOT USING main activity com.vivo.weather.WeatherMain (from package com.vivo.weather)
//   - NOT USING main activity com.mqunar.splash.SplashActivity (from package com.Qunar)
//   - NOT USING main activity com.UCMobile.main.UCMobile (from package com.UCMobile)
//   - NOT USING main activity com.alibaba.android.rimet.biz.LaunchHomeActivity (from package com.alibaba.android.rimet)
//   - NOT USING main activity com.android.bbk.lockscreen3.LockScreenActivity (from package com.android.bbk.lockscreen3)
//   - NOT USING main activity com.baidu.haokan.app.activity.HomeActivity (from package com.baidu.haokan)
//   - NOT USING main activity com.baidu.searchbox.SplashActivity (from package com.baidu.searchbox)
//   - NOT USING main activity com.bbk.iqoo.feedback.activities.UserFeedBackActivity (from package com.bbk.iqoo.feedback)
//   - NOT USING main activity com.eg.android.AlipayGphone.AlipayLogin (from package com.eg.android.AlipayGphone)
//   - NOT USING main activity com.fumikeji.cangchu.SplashActivity (from package com.fumikeji.cangchu)
//   - NOT USING main activity com.fumikeji.crm.SplashActivity (from package com.fumikeji.crm)
//   - NOT USING main activity com.fumikeji.dangkou.SplashActivity (from package com.fumikeji.dangkou)
//   - NOT USING main activity com.jingdong.app.mall.main.MainActivity (from package com.jingdong.app.mall)
//   - NOT USING main activity com.oray.sunlogin.application.Main (from package com.oray.sunlogin)
//   - NOT USING main activity com.pp.assistant.activity.MainActivity (from package com.pp.assistant)
//   - NOT USING main activity com.qiyi.video.WelcomeActivity (from package com.qiyi.video)
//   - NOT USING main activity com.meituan.android.pt.homepage.activity.MainActivity (from package com.sankuai.meituan)
//   - NOT USING main activity com.sina.weibo.SplashActivity (from package com.sina.weibo)
//   - NOT USING main activity com.ss.android.article.news.activity.MainActivity (from package com.ss.android.article.news)
//   - NOT USING main activity com.ss.android.ugc.aweme.splash.SplashActivity (from package com.ss.android.ugc.aweme)
//   - NOT USING main activity com.szsbay.smarthome.module.MainActivity (from package com.szsbay.unicom)
//   - NOT USING main activity com.taobao.tao.welcome.Welcome (from package com.taobao.taobao)
//   - NOT USING main activity com.tencent.mm.ui.LauncherUI (from package com.tencent.mm)
//   - NOT USING main activity com.tencent.mobileqq.activity.SplashActivity (from package com.tencent.mobileqq)
//   - NOT USING main activity com.tencent.qnet.ui.login.LoginActivity (from package com.tencent.qnet)
//   - NOT USING main activity com.tencent.qqlive.ona.activity.SplashHomeActivity (from package com.tencent.qqlive)
//   - NOT USING main activity com.tencent.qqmusic.activity.AppStarterActivity (from package com.tencent.qqmusic)
//   - NOT USING main activity com.timeweekly.timefinance.mvp.ui.activity.SplashActivity (from package com.timeweekly.timefinance)
//   - NOT USING main activity com.vivo.childrenmode.activity.ChildHomeActivity (from package com.vivo.childrenmode)
//   - NOT USING main activity com.wuba.activity.launch.LaunchActivity (from package com.wuba)
//   - NOT USING main activity com.ximalaya.ting.android.host.activity.WelComeActivity (from package com.ximalaya.ting.android)
//   - NOT USING main activity com.xingin.xhs.activity.SplashActivity (from package com.xingin.xhs)
//   - NOT USING main activity com.xueqiu.android.view.WelcomeActivityAlias (from package com.xueqiu.android)
//   - NOT USING main activity com.xunmeng.pinduoduo.ui.activity.MainFrameActivity (from package com.xunmeng.pinduoduo)
//   + Using main activity com.yishouapp.fumi.activity.ApiChoseActivity (from package com.yishouapp.fumi)
//   - NOT USING main activity io.appium.settings.Settings (from package io.appium.settings)
// Selecting main activities from category android.intent.category.MONKEY
//   - NOT USING main activity com.android.phone.MobileNetworkSettings (from package com.android.phone)
//   - NOT USING main activity com.android.settings.Settings$RunningServicesActivity (from package com.android.settings)
//   - NOT USING main activity com.android.settings.Settings$StorageUseActivity (from package com.android.settings)
//   - NOT USING main activity com.bbk.launcher2.Launcher (from package com.bbk.launcher2)
//   - NOT USING main activity com.bbk.scene.launcher.theme.SceneLauncherThemeMainActivity (from package com.bbk.scene.launcher.theme)
//   - NOT USING main activity com.iqoo.engineermode.EngineerMode (from package com.iqoo.engineermode)
//   - NOT USING main activity com.vivo.childrenmode.ui.activity.MainActivity (from package com.vivo.childrenmode)
//   - NOT USING main activity com.vivo.systemui.statusbar.notification.settings.StatusbarSettingActivity (from package com.android.systemui)
//   - NOT USING main activity com.vivo.systemui.statusbar.notification.settings.channels.NotificationSettingsActivity (from package com.android.systemui)
//   - NOT USING main activity com.vivo.keyguard.views.themes.nature.iconset.IconSettings (from package com.android.systemui)
//   - NOT USING main activity com.android.keyguard.vivo.VivoConfirmActivity (from package com.android.systemui)
//   - NOT USING main activity com.android.keyguard.vivo.VivoFaceRecommendDialog (from package com.android.systemui)
//   - NOT USING main activity com.vivo.shortcutcenter.ui.HomeActivity (from package com.vivo.shortcutcenter)
//   - NOT USING main activity com.vivo.smartshot.ui.TestSmartShotActivity (from package com.vivo.smartshot)
//   - NOT USING main activity com.vivo.upslide.recents.RecentsActivity (from package com.vivo.upslide)
//   - NOT USING main activity com.vivo.upslide.settings.settings.NavigationSettingsActivity (from package com.vivo.upslide)
//   - NOT USING main activity com.vivo.upslide.settings.settings.AboutHomeIndicatorActivity (from package com.vivo.upslide)
//   - NOT USING main activity com.vivo.upslide.settings.settings.FullScreenDoubleSlideActivity (from package com.vivo.upslide)
//   - NOT USING main activity com.vivo.upslide.settings.settings.GestureOrderActivity (from package com.vivo.upslide)
//   - NOT USING main activity com.vivo.upslide.settings.settings.NavigationGestureModeActivity (from package com.vivo.upslide)
//   - NOT USING main activity com.vivo.upslide.settings.settings.GestureStyleActivity (from package com.vivo.upslide)
//   - NOT USING main activity com.vivo.upslide.settings.settings.NavigationLandscapePositionActivity (from package com.vivo.upslide)
//   - NOT USING main activity com.vivo.upslide.settings.settings.LandscapeGesturePosActivity (from package com.vivo.upslide)
//   - NOT USING main activity com.vivo.upslide.settings.settings.NavigationStyleActivity (from package com.vivo.upslide)
//   - NOT USING main activity com.vivo.upslide.settings.settings.SwitchAppActivity (from package com.vivo.upslide)
//   - NOT USING main activity com.vivo.upslide.settings.settings.export.IndicatorDemoActivity (from package com.vivo.upslide)
// Seeded: 1605294089259
// Event percentages:
//   0: 15.0%
//   1: 10.0%
//   2: 2.0%
//   3: 15.0%
//   4: -0.0%
//   5: -0.0%
//   6: 25.0%
//   7: 15.0%
//   8: 2.0%
//   9: 2.0%
//   10: 1.0%
//   11: 13.0%
:Switch: #Intent;action=android.intent.action.MAIN;category=android.intent.category.LAUNCHER;launchFlags=0x10200000;component=com.yishouapp.fumi/.activity.ApiChoseActivity;end
    // Allowing start of Intent { act=android.intent.action.MAIN cat=[android.intent.category.LAUNCHER] cmp=com.yishouapp.fumi/.activity.ApiChoseActivity } in package com.yishouapp.fumi
Sleeping for 500 milliseconds
:Sending Touch (ACTION_DOWN): 0:(62.0,757.0)
:Sending Touch (ACTION_UP): 0:(62.57515,754.9149)
Sleeping for 500 milliseconds
    // Allowing start of Intent { cmp=com.yishouapp.fumi/.refactor.activity.shopkeeper.ShopKeeperAskPublishActivity } in package com.yishouapp.fumi
:Sending Key (ACTION_DOWN): 82    // KEYCODE_MENU
:Sending Key (ACTION_UP): 82    // KEYCODE_MENU
Sleeping for 500 milliseconds
:Sending Key (ACTION_DOWN): 23    // KEYCODE_DPAD_CENTER
:Sending Key (ACTION_UP): 23    // KEYCODE_DPAD_CENTER
Sleeping for 500 milliseconds
:Sending Key (ACTION_DOWN): 22    // KEYCODE_DPAD_RIGHT
:Sending Key (ACTION_UP): 22    // KEYCODE_DPAD_RIGHT
Sleeping for 500 milliseconds
:Sending Key (ACTION_DOWN): 19    // KEYCODE_DPAD_UP
:Sending Key (ACTION_UP): 19    // KEYCODE_DPAD_UP
Sleeping for 500 milliseconds
:Sending Key (ACTION_DOWN): 22    // KEYCODE_DPAD_RIGHT
:Sending Key (ACTION_UP): 22    // KEYCODE_DPAD_RIGHT
Sleeping for 500 milliseconds
:Sending Key (ACTION_DOWN): 10    // KEYCODE_3
:Sending Key (ACTION_UP): 10    // KEYCODE_3
Sleeping for 500 milliseconds
:Sending Key (ACTION_DOWN): 82    // KEYCODE_MENU
:Sending Key (ACTION_UP): 82    // KEYCODE_MENU
Sleeping for 500 milliseconds
:Sending Touch (ACTION_DOWN): 0:(178.0,1882.0)
:Sending Touch (ACTION_POINTER_DOWN 1): 0:(177.36516,1882.0991) 1:(641.0,1979.0)
:Sending Touch (ACTION_MOVE): 0:(177.31319,1884.9027) 1:(632.9937,1979.2943)
:Sending Touch (ACTION_MOVE): 0:(177.0891,1886.8572) 1:(630.06976,1982.3914)
:Sending Touch (ACTION_MOVE): 0:(177.02031,1892.2727) 1:(623.8418,1988.2251)
:Sending Touch (ACTION_POINTER_UP 1): 0:(176.50314,1899.7727) 1:(613.51105,1993.9941)
:Sending Touch (ACTION_UP): 0:(176.15036,1906.3574)
Sleeping for 500 milliseconds
:Sending Touch (ACTION_DOWN): 0:(237.0,1410.0)
:Sending Touch (ACTION_UP): 0:(236.52083,1415.5117)
Sleeping for 500 milliseconds
:Sending Touch (ACTION_DOWN): 0:(387.0,279.0)
:Sending Touch (ACTION_UP): 0:(383.08807,263.57114)
Sleeping for 500 milliseconds
:Sending Key (ACTION_DOWN): 50    // KEYCODE_V
:Sending Key (ACTION_UP): 50    // KEYCODE_V
Sleeping for 500 milliseconds
:Sending Key (ACTION_DOWN): 131    // KEYCODE_F1
:Sending Key (ACTION_UP): 131    // KEYCODE_F1
Sleeping for 500 milliseconds
:Sending Key (ACTION_DOWN): 22    // KEYCODE_DPAD_RIGHT
:Sending Key (ACTION_UP): 22    // KEYCODE_DPAD_RIGHT
Sleeping for 500 milliseconds
:Sending Flip keyboardOpen=false
Got IOException performing flipjava.io.FileNotFoundException: /dev/input/event0: open failed: EACCES (Permission denied)
    // Injection Failed
Sleeping for 500 milliseconds
:Sending Key (ACTION_DOWN): 19    // KEYCODE_DPAD_UP
:Sending Key (ACTION_UP): 19    // KEYCODE_DPAD_UP
Sleeping for 500 milliseconds
:Sending Key (ACTION_DOWN): 22    // KEYCODE_DPAD_RIGHT
:Sending Key (ACTION_UP): 22    // KEYCODE_DPAD_RIGHT
Sleeping for 500 milliseconds
:Sending Touch (ACTION_DOWN): 0:(792.0,505.0)
:Sending Touch (ACTION_MOVE): 0:(795.898,503.66687)
:Sending Touch (ACTION_MOVE): 0:(799.6548,502.11255)
:Sending Touch (ACTION_MOVE): 0:(800.625,500.90378)
:Sending Touch (ACTION_MOVE): 0:(802.60583,499.97357)
:Sending Touch (ACTION_MOVE): 0:(802.615,499.31744)
:Sending Touch (ACTION_MOVE): 0:(806.38806,499.0202)
:Sending Touch (ACTION_MOVE): 0:(812.0434,497.46527)
:Sending Touch (ACTION_MOVE): 0:(814.1143,496.11685)
:Sending Touch (ACTION_UP): 0:(819.74304,496.0183)
Sleeping for 500 milliseconds
:Sending Key (ACTION_DOWN): 82    // KEYCODE_MENU
:Sending Key (ACTION_UP): 82    // KEYCODE_MENU
Sleeping for 500 milliseconds
:Sending Key (ACTION_DOWN): 23    // KEYCODE_DPAD_CENTER
:Sending Key (ACTION_UP): 23    // KEYCODE_DPAD_CENTER
Sleeping for 500 milliseconds
:Sending Touch (ACTION_DOWN): 0:(561.0,2133.0)
:Sending Touch (ACTION_UP): 0:(581.78107,2129.2317)
Sleeping for 500 milliseconds
:Sending Key (ACTION_DOWN): 21    // KEYCODE_DPAD_LEFT
:Sending Key (ACTION_UP): 21    // KEYCODE_DPAD_LEFT
Sleeping for 500 milliseconds
:Sending Key (ACTION_DOWN): 63    // KEYCODE_SYM
:Sending Key (ACTION_UP): 63    // KEYCODE_SYM
Sleeping for 500 milliseconds
:Sending Key (ACTION_DOWN): 22    // KEYCODE_DPAD_RIGHT
:Sending Key (ACTION_UP): 22    // KEYCODE_DPAD_RIGHT
Sleeping for 500 milliseconds
:Sending Key (ACTION_DOWN): 21    // KEYCODE_DPAD_LEFT
:Sending Key (ACTION_UP): 21    // KEYCODE_DPAD_LEFT
Sleeping for 500 milliseconds
:Sending Touch (ACTION_DOWN): 0:(353.0,602.0)
:Sending Touch (ACTION_MOVE): 0:(375.8638,608.1938)
:Sending Touch (ACTION_MOVE): 0:(381.38574,610.45264)
:Sending Touch (ACTION_MOVE): 0:(396.08173,610.64624)
:Sending Touch (ACTION_UP): 0:(407.91678,616.3041)
Sleeping for 500 milliseconds
:Sending Touch (ACTION_DOWN): 0:(1055.0,1384.0)
:Sending Touch (ACTION_POINTER_DOWN 1): 0:(1049.0037,1375.7798) 1:(766.0,1293.0)
:Sending Touch (ACTION_MOVE): 0:(1032.5266,1372.6588) 1:(764.9966,1291.0044)
:Sending Touch (ACTION_MOVE): 0:(1031.1471,1369.207) 1:(764.2497,1290.7551)
:Sending Touch (ACTION_MOVE): 0:(1011.3014,1365.6012) 1:(761.11224,1290.147)
:Sending Touch (ACTION_MOVE): 0:(992.24536,1365.4739) 1:(760.2357,1288.8595)
:Sending Touch (ACTION_MOVE): 0:(978.08966,1358.6239) 1:(758.8845,1288.4092)
:Sending Touch (ACTION_MOVE): 0:(963.25903,1356.4832) 1:(749.25824,1286.6147)
:Sending Touch (ACTION_MOVE): 0:(962.34625,1346.4165) 1:(740.0721,1284.0807)
:Sending Touch (ACTION_POINTER_UP 1): 0:(952.4689,1343.5073) 1:(739.2049,1283.0205)
:Sending Touch (ACTION_UP): 0:(937.02704,1330.7347)
Sleeping for 500 milliseconds
:Sending Key (ACTION_DOWN): 19    // KEYCODE_DPAD_UP
:Sending Key (ACTION_UP): 19    // KEYCODE_DPAD_UP
Sleeping for 500 milliseconds
:Sending Key (ACTION_DOWN): 19    // KEYCODE_DPAD_UP
:Sending Key (ACTION_UP): 19    // KEYCODE_DPAD_UP
Sleeping for 500 milliseconds
:Sending Trackball (ACTION_MOVE): 0:(1.0,-1.0)
:Sending Trackball (ACTION_MOVE): 0:(-4.0,4.0)
:Sending Trackball (ACTION_MOVE): 0:(-4.0,-5.0)
:Sending Trackball (ACTION_MOVE): 0:(2.0,1.0)
:Sending Trackball (ACTION_MOVE): 0:(-2.0,-2.0)
:Sending Trackball (ACTION_MOVE): 0:(0.0,0.0)
:Sending Trackball (ACTION_MOVE): 0:(4.0,-2.0)
:Sending Trackball (ACTION_MOVE): 0:(-2.0,-1.0)
:Sending Trackball (ACTION_MOVE): 0:(-1.0,4.0)
:Sending Trackball (ACTION_MOVE): 0:(3.0,4.0)
:Sending Touch (ACTION_DOWN): 0:(1050.0,1530.0)
:Sending Touch (ACTION_MOVE): 0:(1055.4287,1529.7272)
:Sending Touch (ACTION_MOVE): 0:(1070.283,1523.0112)
:Sending Touch (ACTION_MOVE): 0:(1077.3817,1521.7617)
:Sending Touch (ACTION_MOVE): 0:(1080.0,1518.0167)
:Sending Touch (ACTION_MOVE): 0:(1080.0,1504.4194)
:Sending Touch (ACTION_MOVE): 0:(1080.0,1503.1387)
    //[calendar_time:2020-11-12 17:12:18.275  system_uptime:287065274]
    // Sending event #100
:Sending Touch (ACTION_MOVE): 0:(1080.0,1500.9644)
:Sending Touch (ACTION_MOVE): 0:(1080.0,1498.1191)
:Sending Touch (ACTION_MOVE): 0:(1080.0,1496.0137)
:Sending Touch (ACTION_UP): 0:(1080.0,1492.4427)
Sleeping for 500 milliseconds
:Sending Key (ACTION_DOWN): 19    // KEYCODE_DPAD_UP
:Sending Key (ACTION_UP): 19    // KEYCODE_DPAD_UP
Sleeping for 500 milliseconds
:Sending Key (ACTION_DOWN): 21    // KEYCODE_DPAD_LEFT
:Sending Key (ACTION_UP): 21    // KEYCODE_DPAD_LEFT
Sleeping for 500 milliseconds
:Sending Key (ACTION_DOWN): 19    // KEYCODE_DPAD_UP
:Sending Key (ACTION_UP): 19    // KEYCODE_DPAD_UP
Sleeping for 500 milliseconds
:Sending Key (ACTION_DOWN): 23    // KEYCODE_DPAD_CENTER
:Sending Key (ACTION_UP): 23    // KEYCODE_DPAD_CENTER
Sleeping for 500 milliseconds
:Sending Touch (ACTION_DOWN): 0:(411.0,2217.0)
:Sending Touch (ACTION_MOVE): 0:(411.81396,2230.0388)
:Sending Touch (ACTION_MOVE): 0:(414.7713,2244.4377)
:Sending Touch (ACTION_MOVE): 0:(417.95676,2256.4924)
:Sending Touch (ACTION_MOVE): 0:(419.85037,2261.1284)
:Sending Touch (ACTION_MOVE): 0:(422.4375,2271.4014)
:Sending Touch (ACTION_UP): 0:(424.68353,2281.594)
Sleeping for 500 milliseconds
:Sending Key (ACTION_DOWN): 19    // KEYCODE_DPAD_UP
:Sending Key (ACTION_UP): 19    // KEYCODE_DPAD_UP
Sleeping for 500 milliseconds
:Sending Key (ACTION_DOWN): 147    // KEYCODE_NUMPAD_3
:Sending Key (ACTION_UP): 147    // KEYCODE_NUMPAD_3
Sleeping for 500 milliseconds
:Sending Key (ACTION_DOWN): 20    // KEYCODE_DPAD_DOWN
:Sending Key (ACTION_UP): 20    // KEYCODE_DPAD_DOWN
Sleeping for 500 milliseconds
:Sending Key (ACTION_DOWN): 82    // KEYCODE_MENU
:Sending Key (ACTION_UP): 82    // KEYCODE_MENU
Sleeping for 500 milliseconds
:Sending Touch (ACTION_DOWN): 0:(127.0,1679.0)
:Sending Touch (ACTION_UP): 0:(128.11946,1678.7418)
Sleeping for 500 milliseconds
:Sending Trackball (ACTION_MOVE): 0:(-1.0,-4.0)
:Sending Trackball (ACTION_MOVE): 0:(-4.0,1.0)
:Sending Trackball (ACTION_MOVE): 0:(2.0,3.0)
:Sending Trackball (ACTION_MOVE): 0:(-3.0,-1.0)
:Sending Trackball (ACTION_MOVE): 0:(-4.0,-3.0)
:Sending Trackball (ACTION_MOVE): 0:(4.0,0.0)
:Sending Trackball (ACTION_MOVE): 0:(-3.0,-2.0)
:Sending Trackball (ACTION_MOVE): 0:(-2.0,4.0)
:Sending Trackball (ACTION_MOVE): 0:(-2.0,-3.0)
:Sending Trackball (ACTION_MOVE): 0:(-4.0,-5.0)
:Sending Touch (ACTION_DOWN): 0:(328.0,1944.0)
:Sending Touch (ACTION_UP): 0:(327.88315,1942.9991)
Sleeping for 500 milliseconds
:Sending Key (ACTION_DOWN): 22    // KEYCODE_DPAD_RIGHT
:Sending Key (ACTION_UP): 22    // KEYCODE_DPAD_RIGHT
Sleeping for 500 milliseconds
:Sending Trackball (ACTION_MOVE): 0:(-2.0,-1.0)
:Sending Trackball (ACTION_MOVE): 0:(0.0,-3.0)
:Sending Trackball (ACTION_MOVE): 0:(0.0,3.0)
:Sending Trackball (ACTION_MOVE): 0:(3.0,1.0)
:Sending Trackball (ACTION_MOVE): 0:(-1.0,-5.0)
:Sending Trackball (ACTION_MOVE): 0:(3.0,2.0)
:Sending Trackball (ACTION_MOVE): 0:(-5.0,4.0)
:Sending Trackball (ACTION_MOVE): 0:(1.0,4.0)
:Sending Trackball (ACTION_MOVE): 0:(2.0,1.0)
:Sending Trackball (ACTION_MOVE): 0:(3.0,-4.0)
:Sending Key (ACTION_DOWN): 22    // KEYCODE_DPAD_RIGHT
:Sending Key (ACTION_UP): 22    // KEYCODE_DPAD_RIGHT
Sleeping for 500 milliseconds
:Sending Touch (ACTION_DOWN): 0:(90.0,621.0)
:Sending Touch (ACTION_UP): 0:(93.48861,627.63513)
Sleeping for 500 milliseconds
:Sending Touch (ACTION_DOWN): 0:(415.0,552.0)
:Sending Touch (ACTION_UP): 0:(416.94525,543.42865)
Sleeping for 500 milliseconds
:Sending Key (ACTION_DOWN): 119    // KEYCODE_FUNCTION
:Sending Key (ACTION_UP): 119    // KEYCODE_FUNCTION
Sleeping for 500 milliseconds
:Sending Touch (ACTION_DOWN): 0:(762.0,1565.0)
:Sending Touch (ACTION_POINTER_DOWN 1): 0:(747.0775,1559.3263) 1:(86.0,355.0)
:Sending Touch (ACTION_MOVE): 0:(738.26984,1558.6464) 1:(85.593956,344.4796)
:Sending Touch (ACTION_MOVE): 0:(727.03906,1557.6829) 1:(78.83533,329.76855)
:Sending Touch (ACTION_MOVE): 0:(703.74994,1553.9457) 1:(63.98595,313.82404)
:Sending Touch (ACTION_MOVE): 0:(687.69867,1546.0476) 1:(57.53192,300.13205)
:Sending Touch (ACTION_MOVE): 0:(676.2353,1545.1338) 1:(36.93933,290.032)
:Sending Touch (ACTION_MOVE): 0:(670.68774,1530.326) 1:(33.79554,283.07584)
:Sending Touch (ACTION_MOVE): 0:(663.71375,1517.6948) 1:(20.417934,274.1681)
:Sending Touch (ACTION_POINTER_UP 1): 0:(658.82806,1513.9393) 1:(5.666149,266.1255)
:Sending Touch (ACTION_UP): 0:(650.0788,1502.6464)
Sleeping for 500 milliseconds
:Sending Touch (ACTION_DOWN): 0:(57.0,483.0)
:Sending Touch (ACTION_UP): 0:(69.78719,479.52484)
Sleeping for 500 milliseconds
:Sending Touch (ACTION_DOWN): 0:(844.0,1131.0)
:Sending Touch (ACTION_MOVE): 0:(844.522,1112.247)
:Sending Touch (ACTION_UP): 0:(844.6269,1110.2461)
Sleeping for 500 milliseconds
:Sending Key (ACTION_DOWN): 20    // KEYCODE_DPAD_DOWN
:Sending Key (ACTION_UP): 20    // KEYCODE_DPAD_DOWN
Sleeping for 500 milliseconds
:Sending Key (ACTION_DOWN): 23    // KEYCODE_DPAD_CENTER
:Sending Key (ACTION_UP): 23    // KEYCODE_DPAD_CENTER
Sleeping for 500 milliseconds
:Sending Trackball (ACTION_MOVE): 0:(2.0,-1.0)
:Sending Trackball (ACTION_MOVE): 0:(-1.0,-4.0)
:Sending Trackball (ACTION_MOVE): 0:(-3.0,4.0)
:Sending Trackball (ACTION_MOVE): 0:(-4.0,3.0)
:Sending Trackball (ACTION_MOVE): 0:(4.0,-1.0)
:Sending Trackball (ACTION_MOVE): 0:(2.0,-5.0)
:Sending Trackball (ACTION_MOVE): 0:(-2.0,3.0)
:Sending Trackball (ACTION_MOVE): 0:(3.0,-5.0)
:Sending Trackball (ACTION_MOVE): 0:(2.0,1.0)
:Sending Trackball (ACTION_MOVE): 0:(-2.0,1.0)
:Sending Trackball (ACTION_DOWN): 0:(0.0,0.0)
:Sending Trackball (ACTION_UP): 0:(0.0,0.0)
Sleeping for 500 milliseconds
:Sending Trackball (ACTION_MOVE): 0:(3.0,-1.0)
:Sending Trackball (ACTION_MOVE): 0:(4.0,2.0)
:Sending Trackball (ACTION_MOVE): 0:(-1.0,3.0)
:Sending Trackball (ACTION_MOVE): 0:(-5.0,1.0)
:Sending Trackball (ACTION_MOVE): 0:(4.0,-3.0)
:Sending Trackball (ACTION_MOVE): 0:(-3.0,-2.0)
:Sending Trackball (ACTION_MOVE): 0:(-1.0,-2.0)
    //[calendar_time:2020-11-12 17:12:30.667  system_uptime:287077666]
    // Sending event #200
:Sending Trackball (ACTION_MOVE): 0:(-1.0,-3.0)
:Sending Trackball (ACTION_MOVE): 0:(-3.0,-1.0)
:Sending Trackball (ACTION_MOVE): 0:(3.0,2.0)
:Sending Touch (ACTION_DOWN): 0:(693.0,920.0)
:Sending Touch (ACTION_UP): 0:(694.0368,924.0508)
Sleeping for 500 milliseconds
:Sending Touch (ACTION_DOWN): 0:(524.0,2002.0)
:Sending Touch (ACTION_POINTER_DOWN 1): 0:(517.8817,2008.7051) 1:(463.0,1647.0)
:Sending Touch (ACTION_MOVE): 0:(515.0319,2019.5844) 1:(463.86038,1638.8584)
:Sending Touch (ACTION_MOVE): 0:(504.85162,2032.715) 1:(467.31195,1634.5621)
:Sending Touch (ACTION_MOVE): 0:(486.89603,2034.1313) 1:(469.2504,1626.3335)
:Sending Touch (ACTION_MOVE): 0:(478.9699,2036.743) 1:(470.2069,1616.321)
:Sending Touch (ACTION_POINTER_UP 1): 0:(471.04672,2044.0939) 1:(472.88547,1604.5942)
:Sending Touch (ACTION_UP): 0:(463.32895,2048.0837)
Sleeping for 500 milliseconds
:Sending Touch (ACTION_DOWN): 0:(156.0,1657.0)
:Sending Touch (ACTION_UP): 0:(158.51573,1659.0498)
Sleeping for 500 milliseconds
:Sending Key (ACTION_DOWN): 240    // KEYCODE_TV_SATELLITE_SERVICE
:Sending Key (ACTION_UP): 240    // KEYCODE_TV_SATELLITE_SERVICE
Sleeping for 500 milliseconds
:Sending Key (ACTION_DOWN): 21    // KEYCODE_DPAD_LEFT
:Sending Key (ACTION_UP): 21    // KEYCODE_DPAD_LEFT
Sleeping for 500 milliseconds
:Sending Key (ACTION_DOWN): 21    // KEYCODE_DPAD_LEFT
:Sending Key (ACTION_UP): 21    // KEYCODE_DPAD_LEFT
Sleeping for 500 milliseconds
:Sending Key (ACTION_DOWN): 221    // KEYCODE_BRIGHTNESS_UP
    // Rejecting start of Intent { act=com.android.intent.action.SHOW_BRIGHTNESS_DIALOG cmp=com.android.systemui/.settings.BrightnessDialog } in package com.android.systemui
:Sending Key (ACTION_UP): 221    // KEYCODE_BRIGHTNESS_UP
Sleeping for 500 milliseconds
:Sending Touch (ACTION_DOWN): 0:(2.0,1702.0)
:Sending Touch (ACTION_UP): 0:(10.024157,1695.4558)
Sleeping for 500 milliseconds
:Sending Key (ACTION_DOWN): 21    // KEYCODE_DPAD_LEFT
:Sending Key (ACTION_UP): 21    // KEYCODE_DPAD_LEFT
Sleeping for 500 milliseconds
:Sending Trackball (ACTION_MOVE): 0:(2.0,2.0)
:Sending Trackball (ACTION_MOVE): 0:(3.0,0.0)
:Sending Trackball (ACTION_MOVE): 0:(2.0,-4.0)
:Sending Trackball (ACTION_MOVE): 0:(-1.0,2.0)
:Sending Trackball (ACTION_MOVE): 0:(4.0,-3.0)
:Sending Trackball (ACTION_MOVE): 0:(2.0,3.0)
:Sending Trackball (ACTION_MOVE): 0:(-2.0,1.0)
:Sending Trackball (ACTION_MOVE): 0:(4.0,-2.0)
:Sending Trackball (ACTION_MOVE): 0:(-4.0,-3.0)
:Sending Trackball (ACTION_MOVE): 0:(1.0,-5.0)
:Sending Key (ACTION_DOWN): 21    // KEYCODE_DPAD_LEFT
:Sending Key (ACTION_UP): 21    // KEYCODE_DPAD_LEFT
Sleeping for 500 milliseconds
:Sending Trackball (ACTION_MOVE): 0:(-3.0,-5.0)
:Sending Trackball (ACTION_MOVE): 0:(-4.0,3.0)
:Sending Trackball (ACTION_MOVE): 0:(-4.0,-3.0)
:Sending Trackball (ACTION_MOVE): 0:(4.0,4.0)
:Sending Trackball (ACTION_MOVE): 0:(0.0,4.0)
:Sending Trackball (ACTION_MOVE): 0:(-3.0,-2.0)
:Sending Trackball (ACTION_MOVE): 0:(-1.0,0.0)
:Sending Trackball (ACTION_MOVE): 0:(2.0,-2.0)
:Sending Trackball (ACTION_MOVE): 0:(0.0,-1.0)
:Sending Trackball (ACTION_MOVE): 0:(0.0,1.0)
:Sending Key (ACTION_DOWN): 19    // KEYCODE_DPAD_UP
:Sending Key (ACTION_UP): 19    // KEYCODE_DPAD_UP
Sleeping for 500 milliseconds
:Sending Key (ACTION_DOWN): 22    // KEYCODE_DPAD_RIGHT
:Sending Key (ACTION_UP): 22    // KEYCODE_DPAD_RIGHT
Sleeping for 500 milliseconds
:Sending Touch (ACTION_DOWN): 0:(128.0,577.0)
:Sending Touch (ACTION_UP): 0:(126.14761,569.4115)
Sleeping for 500 milliseconds
:Sending Key (ACTION_DOWN): 226    // KEYCODE_MEDIA_TOP_MENU
:Sending Key (ACTION_UP): 226    // KEYCODE_MEDIA_TOP_MENU
Sleeping for 500 milliseconds
:Sending Key (ACTION_DOWN): 23    // KEYCODE_DPAD_CENTER
:Sending Key (ACTION_UP): 23    // KEYCODE_DPAD_CENTER
Sleeping for 500 milliseconds
:Sending Touch (ACTION_DOWN): 0:(914.0,2126.0)
:Sending Touch (ACTION_MOVE): 0:(914.9936,2126.7354)
:Sending Touch (ACTION_UP): 0:(915.2137,2132.9849)
Sleeping for 500 milliseconds
:Sending Trackball (ACTION_MOVE): 0:(-1.0,-2.0)
:Sending Trackball (ACTION_MOVE): 0:(2.0,-2.0)
:Sending Trackball (ACTION_MOVE): 0:(-3.0,4.0)
:Sending Trackball (ACTION_MOVE): 0:(-5.0,0.0)
:Sending Trackball (ACTION_MOVE): 0:(-3.0,2.0)
:Sending Trackball (ACTION_MOVE): 0:(-1.0,0.0)
:Sending Trackball (ACTION_MOVE): 0:(-5.0,2.0)
:Sending Trackball (ACTION_MOVE): 0:(-1.0,1.0)
:Sending Trackball (ACTION_MOVE): 0:(-4.0,4.0)
:Sending Trackball (ACTION_MOVE): 0:(-1.0,3.0)
:Sending Touch (ACTION_DOWN): 0:(991.0,1067.0)
:Sending Touch (ACTION_MOVE): 0:(984.62634,1062.944)
:Sending Touch (ACTION_MOVE): 0:(963.46924,1060.5359)
:Sending Touch (ACTION_UP): 0:(958.8733,1053.3333)
Sleeping for 500 milliseconds
:Sending Key (ACTION_DOWN): 82    // KEYCODE_MENU
:Sending Key (ACTION_UP): 82    // KEYCODE_MENU
Sleeping for 500 milliseconds
:Sending Trackball (ACTION_MOVE): 0:(-2.0,4.0)
:Sending Trackball (ACTION_MOVE): 0:(-1.0,3.0)
:Sending Trackball (ACTION_MOVE): 0:(-3.0,-2.0)
:Sending Trackball (ACTION_MOVE): 0:(-3.0,-1.0)
:Sending Trackball (ACTION_MOVE): 0:(-4.0,-1.0)
:Sending Trackball (ACTION_MOVE): 0:(2.0,-2.0)
:Sending Trackball (ACTION_MOVE): 0:(2.0,1.0)
:Sending Trackball (ACTION_MOVE): 0:(3.0,0.0)
:Sending Trackball (ACTION_MOVE): 0:(0.0,-4.0)
:Sending Trackball (ACTION_MOVE): 0:(-5.0,2.0)
:Sending Touch (ACTION_DOWN): 0:(242.0,2095.0)
:Sending Touch (ACTION_UP): 0:(227.69585,2109.342)
Sleeping for 500 milliseconds
:Sending Trackball (ACTION_MOVE): 0:(-1.0,4.0)
:Sending Trackball (ACTION_MOVE): 0:(1.0,-4.0)
:Sending Trackball (ACTION_MOVE): 0:(-2.0,-2.0)
:Sending Trackball (ACTION_MOVE): 0:(0.0,3.0)
:Sending Trackball (ACTION_MOVE): 0:(4.0,-5.0)
:Sending Trackball (ACTION_MOVE): 0:(-4.0,4.0)
:Sending Trackball (ACTION_MOVE): 0:(-1.0,4.0)
:Sending Trackball (ACTION_MOVE): 0:(-4.0,-1.0)
:Sending Trackball (ACTION_MOVE): 0:(3.0,4.0)
:Sending Trackball (ACTION_MOVE): 0:(-1.0,-2.0)
    //[calendar_time:2020-11-12 17:12:40.981  system_uptime:287087980]
    // Sending event #300
:Sending Key (ACTION_DOWN): 123    // KEYCODE_MOVE_END
:Sending Key (ACTION_UP): 123    // KEYCODE_MOVE_END
Sleeping for 500 milliseconds
:Sending Touch (ACTION_DOWN): 0:(544.0,160.0)
:Sending Touch (ACTION_MOVE): 0:(537.3837,151.52371)
:Sending Touch (ACTION_MOVE): 0:(530.9062,149.98584)
:Sending Touch (ACTION_MOVE): 0:(528.5403,142.3111)
:Sending Touch (ACTION_MOVE): 0:(521.39526,138.62033)
:Sending Touch (ACTION_MOVE): 0:(507.3501,136.2809)
:Sending Touch (ACTION_MOVE): 0:(504.3782,121.62221)
:Sending Touch (ACTION_MOVE): 0:(499.11652,117.11443)
:Sending Touch (ACTION_MOVE): 0:(498.13477,109.91707)
:Sending Touch (ACTION_UP): 0:(486.91803,97.75146)
Sleeping for 500 milliseconds
:Sending Touch (ACTION_DOWN): 0:(580.0,1332.0)
:Sending Touch (ACTION_UP): 0:(582.619,1335.2646)
Sleeping for 500 milliseconds
:Sending Key (ACTION_DOWN): 21    // KEYCODE_DPAD_LEFT
:Sending Key (ACTION_UP): 21    // KEYCODE_DPAD_LEFT
Sleeping for 500 milliseconds
:Sending Key (ACTION_DOWN): 22    // KEYCODE_DPAD_RIGHT
:Sending Key (ACTION_UP): 22    // KEYCODE_DPAD_RIGHT
Sleeping for 500 milliseconds
:Sending Touch (ACTION_DOWN): 0:(462.0,2121.0)
:Sending Touch (ACTION_MOVE): 0:(450.16315,2121.6301)
:Sending Touch (ACTION_MOVE): 0:(436.73636,2130.7593)
:Sending Touch (ACTION_MOVE): 0:(431.22842,2134.5945)
:Sending Touch (ACTION_MOVE): 0:(428.22272,2144.5032)
:Sending Touch (ACTION_MOVE): 0:(415.05835,2153.7925)
:Sending Touch (ACTION_UP): 0:(392.05524,2154.0623)
Sleeping for 500 milliseconds
:Sending Key (ACTION_DOWN): 22    // KEYCODE_DPAD_RIGHT
:Sending Key (ACTION_UP): 22    // KEYCODE_DPAD_RIGHT
Sleeping for 500 milliseconds
:Sending Key (ACTION_DOWN): 82    // KEYCODE_MENU
:Sending Key (ACTION_UP): 82    // KEYCODE_MENU
Sleeping for 500 milliseconds
:Sending Trackball (ACTION_MOVE): 0:(2.0,3.0)
:Sending Trackball (ACTION_MOVE): 0:(-2.0,-4.0)
:Sending Trackball (ACTION_MOVE): 0:(3.0,0.0)
:Sending Trackball (ACTION_MOVE): 0:(-5.0,-3.0)
:Sending Trackball (ACTION_MOVE): 0:(3.0,2.0)
:Sending Trackball (ACTION_MOVE): 0:(-3.0,0.0)
:Sending Trackball (ACTION_MOVE): 0:(-4.0,-2.0)
:Sending Trackball (ACTION_MOVE): 0:(3.0,-2.0)
:Sending Trackball (ACTION_MOVE): 0:(-2.0,-5.0)
:Sending Trackball (ACTION_MOVE): 0:(-4.0,-5.0)
:Sending Trackball (ACTION_DOWN): 0:(0.0,0.0)
:Sending Trackball (ACTION_UP): 0:(0.0,0.0)
Sleeping for 500 milliseconds
:Sending Touch (ACTION_DOWN): 0:(370.0,1199.0)
:Sending Touch (ACTION_UP): 0:(377.24976,1202.172)
Sleeping for 500 milliseconds
:Sending Key (ACTION_DOWN): 20    // KEYCODE_DPAD_DOWN
:Sending Key (ACTION_UP): 20    // KEYCODE_DPAD_DOWN
Sleeping for 500 milliseconds
:Sending Key (ACTION_DOWN): 21    // KEYCODE_DPAD_LEFT
:Sending Key (ACTION_UP): 21    // KEYCODE_DPAD_LEFT
Sleeping for 500 milliseconds
:Sending Touch (ACTION_DOWN): 0:(642.0,1310.0)
:Sending Touch (ACTION_UP): 0:(641.98346,1306.9583)
Sleeping for 500 milliseconds
:Sending Touch (ACTION_DOWN): 0:(866.0,970.0)
:Sending Touch (ACTION_MOVE): 0:(862.3548,966.512)
:Sending Touch (ACTION_MOVE): 0:(839.7321,965.7868)
:Sending Touch (ACTION_MOVE): 0:(821.12195,962.3228)
:Sending Touch (ACTION_MOVE): 0:(808.66016,960.8938)
:Sending Touch (ACTION_MOVE): 0:(797.82306,954.3262)
:Sending Touch (ACTION_MOVE): 0:(783.491,947.7257)
:Sending Touch (ACTION_MOVE): 0:(780.3227,939.431)
:Sending Touch (ACTION_UP): 0:(766.4874,930.89465)
Sleeping for 500 milliseconds
:Sending Touch (ACTION_DOWN): 0:(642.0,166.0)
:Sending Touch (ACTION_UP): 0:(642.016,149.85371)
Sleeping for 500 milliseconds
:Sending Touch (ACTION_DOWN): 0:(705.0,1384.0)
:Sending Touch (ACTION_UP): 0:(698.4698,1389.3475)
Sleeping for 500 milliseconds
:Sending Key (ACTION_DOWN): 22    // KEYCODE_DPAD_RIGHT
:Sending Key (ACTION_UP): 22    // KEYCODE_DPAD_RIGHT
Sleeping for 500 milliseconds
:Sending Key (ACTION_DOWN): 19    // KEYCODE_DPAD_UP
:Sending Key (ACTION_UP): 19    // KEYCODE_DPAD_UP
Sleeping for 500 milliseconds
:Sending Key (ACTION_DOWN): 22    // KEYCODE_DPAD_RIGHT
:Sending Key (ACTION_UP): 22    // KEYCODE_DPAD_RIGHT
Sleeping for 500 milliseconds
:Sending Key (ACTION_DOWN): 82    // KEYCODE_MENU
:Sending Key (ACTION_UP): 82    // KEYCODE_MENU
Sleeping for 500 milliseconds
:Sending Trackball (ACTION_MOVE): 0:(3.0,-2.0)
:Sending Trackball (ACTION_MOVE): 0:(-4.0,4.0)
:Sending Trackball (ACTION_MOVE): 0:(0.0,-1.0)
:Sending Trackball (ACTION_MOVE): 0:(2.0,3.0)
:Sending Trackball (ACTION_MOVE): 0:(-2.0,1.0)
:Sending Trackball (ACTION_MOVE): 0:(-4.0,-4.0)
:Sending Trackball (ACTION_MOVE): 0:(-3.0,-4.0)
:Sending Trackball (ACTION_MOVE): 0:(-5.0,-4.0)
:Sending Trackball (ACTION_MOVE): 0:(1.0,1.0)
:Sending Trackball (ACTION_MOVE): 0:(-1.0,4.0)
:Sending Key (ACTION_DOWN): 19    // KEYCODE_DPAD_UP
:Sending Key (ACTION_UP): 19    // KEYCODE_DPAD_UP
Sleeping for 500 milliseconds
:Sending Key (ACTION_DOWN): 171    // KEYCODE_WINDOW
:Sending Key (ACTION_UP): 171    // KEYCODE_WINDOW
Sleeping for 500 milliseconds
:Sending Touch (ACTION_DOWN): 0:(333.0,75.0)
:Sending Touch (ACTION_MOVE): 0:(329.7603,79.122826)
:Sending Touch (ACTION_MOVE): 0:(318.85547,90.48029)
:Sending Touch (ACTION_MOVE): 0:(316.20386,105.77153)
:Sending Touch (ACTION_MOVE): 0:(293.39932,124.40834)
:Sending Touch (ACTION_UP): 0:(292.724,142.53934)
Sleeping for 500 milliseconds
:Sending Key (ACTION_DOWN): 20    // KEYCODE_DPAD_DOWN
:Sending Key (ACTION_UP): 20    // KEYCODE_DPAD_DOWN
Sleeping for 500 milliseconds
:Sending Key (ACTION_DOWN): 22    // KEYCODE_DPAD_RIGHT
:Sending Key (ACTION_UP): 22    // KEYCODE_DPAD_RIGHT
Sleeping for 500 milliseconds
:Sending Trackball (ACTION_MOVE): 0:(-2.0,4.0)
:Sending Trackball (ACTION_MOVE): 0:(4.0,-3.0)
:Sending Trackball (ACTION_MOVE): 0:(-4.0,4.0)
:Sending Trackball (ACTION_MOVE): 0:(-1.0,-3.0)
:Sending Trackball (ACTION_MOVE): 0:(-4.0,3.0)
:Sending Trackball (ACTION_MOVE): 0:(-1.0,-5.0)
    //[calendar_time:2020-11-12 17:12:54.495  system_uptime:287101494]
    // Sending event #400
:Sending Trackball (ACTION_MOVE): 0:(4.0,3.0)
:Sending Trackball (ACTION_MOVE): 0:(1.0,-5.0)
:Sending Trackball (ACTION_MOVE): 0:(2.0,-2.0)
:Sending Trackball (ACTION_MOVE): 0:(3.0,-5.0)
:Sending Trackball (ACTION_MOVE): 0:(-1.0,0.0)
:Sending Trackball (ACTION_MOVE): 0:(1.0,0.0)
:Sending Trackball (ACTION_MOVE): 0:(-3.0,-5.0)
:Sending Trackball (ACTION_MOVE): 0:(-3.0,2.0)
:Sending Trackball (ACTION_MOVE): 0:(-2.0,-3.0)
:Sending Trackball (ACTION_MOVE): 0:(-2.0,1.0)
:Sending Trackball (ACTION_MOVE): 0:(-3.0,1.0)
:Sending Trackball (ACTION_MOVE): 0:(2.0,4.0)
:Sending Trackball (ACTION_MOVE): 0:(1.0,-5.0)
:Sending Trackball (ACTION_MOVE): 0:(1.0,2.0)
:Sending Key (ACTION_DOWN): 23    // KEYCODE_DPAD_CENTER
:Sending Key (ACTION_UP): 23    // KEYCODE_DPAD_CENTER
Sleeping for 500 milliseconds
    // Rejecting start of Intent { act=android.intent.action.MAIN cat=[android.intent.category.LAUNCHER] pkg=com.UCMobile cmp=com.UCMobile/.main.UCMobile } in package com.UCMobile
:Sending Key (ACTION_DOWN): 82    // KEYCODE_MENU
:Sending Key (ACTION_UP): 82    // KEYCODE_MENU
Sleeping for 500 milliseconds
:Sending Touch (ACTION_DOWN): 0:(375.0,1395.0)
:Sending Touch (ACTION_POINTER_DOWN 1): 0:(372.40793,1394.4924) 1:(763.0,326.0)
:Sending Touch (ACTION_MOVE): 0:(358.25134,1393.6355) 1:(763.85486,337.54807)
:Sending Touch (ACTION_MOVE): 0:(354.15912,1392.8527) 1:(767.42303,344.44125)
:Sending Touch (ACTION_MOVE): 0:(349.8314,1392.3037) 1:(771.10846,355.93808)
:Sending Touch (ACTION_POINTER_UP 1): 0:(333.82883,1391.3678) 1:(773.6532,369.1217)
:Sending Touch (ACTION_UP): 0:(317.97705,1391.2233)
Sleeping for 500 milliseconds
:Sending Touch (ACTION_DOWN): 0:(368.0,1335.0)
:Sending Touch (ACTION_UP): 0:(368.03375,1341.0278)
Sleeping for 500 milliseconds
:Sending Trackball (ACTION_MOVE): 0:(-3.0,4.0)
:Sending Trackball (ACTION_MOVE): 0:(1.0,4.0)
:Sending Trackball (ACTION_MOVE): 0:(3.0,-1.0)
:Sending Trackball (ACTION_MOVE): 0:(3.0,-4.0)
:Sending Trackball (ACTION_MOVE): 0:(0.0,-1.0)
:Sending Trackball (ACTION_MOVE): 0:(-2.0,-4.0)
:Sending Trackball (ACTION_MOVE): 0:(-5.0,-2.0)
:Sending Trackball (ACTION_MOVE): 0:(-4.0,-5.0)
:Sending Trackball (ACTION_MOVE): 0:(-4.0,-3.0)
:Sending Trackball (ACTION_MOVE): 0:(-4.0,-2.0)
:Sending Key (ACTION_DOWN): 282    // KEYCODE_SYSTEM_NAVIGATION_LEFT
:Sending Key (ACTION_UP): 282    // KEYCODE_SYSTEM_NAVIGATION_LEFT
Sleeping for 500 milliseconds
:Sending Key (ACTION_DOWN): 19    // KEYCODE_DPAD_UP
:Sending Key (ACTION_UP): 19    // KEYCODE_DPAD_UP
Sleeping for 500 milliseconds
:Sending Key (ACTION_DOWN): 23    // KEYCODE_DPAD_CENTER
:Sending Key (ACTION_UP): 23    // KEYCODE_DPAD_CENTER
Sleeping for 500 milliseconds
:Sending Trackball (ACTION_MOVE): 0:(0.0,4.0)
:Sending Trackball (ACTION_MOVE): 0:(0.0,-1.0)
:Sending Trackball (ACTION_MOVE): 0:(-2.0,-1.0)
:Sending Trackball (ACTION_MOVE): 0:(-2.0,-3.0)
:Sending Trackball (ACTION_MOVE): 0:(4.0,-5.0)
:Sending Trackball (ACTION_MOVE): 0:(0.0,-4.0)
:Sending Trackball (ACTION_MOVE): 0:(-1.0,-3.0)
:Sending Trackball (ACTION_MOVE): 0:(0.0,-4.0)
:Sending Trackball (ACTION_MOVE): 0:(1.0,3.0)
:Sending Trackball (ACTION_MOVE): 0:(0.0,1.0)
:Sending Touch (ACTION_DOWN): 0:(375.0,456.0)
:Sending Touch (ACTION_MOVE): 0:(369.62418,454.9212)
:Sending Touch (ACTION_MOVE): 0:(368.88736,451.6296)
:Sending Touch (ACTION_UP): 0:(359.90366,446.97748)
Sleeping for 500 milliseconds
:Sending Trackball (ACTION_MOVE): 0:(-4.0,0.0)
:Sending Trackball (ACTION_MOVE): 0:(4.0,-5.0)
:Sending Trackball (ACTION_MOVE): 0:(-2.0,-2.0)
:Sending Trackball (ACTION_MOVE): 0:(-1.0,-3.0)
:Sending Trackball (ACTION_MOVE): 0:(3.0,2.0)
:Sending Trackball (ACTION_MOVE): 0:(-4.0,0.0)
:Sending Trackball (ACTION_MOVE): 0:(-3.0,-4.0)
:Sending Trackball (ACTION_MOVE): 0:(4.0,-3.0)
:Sending Trackball (ACTION_MOVE): 0:(-2.0,-1.0)
:Sending Trackball (ACTION_MOVE): 0:(1.0,2.0)
:Sending Touch (ACTION_DOWN): 0:(233.0,1410.0)
:Sending Touch (ACTION_UP): 0:(251.08652,1405.2081)
Sleeping for 500 milliseconds
:Sending Touch (ACTION_DOWN): 0:(802.0,2074.0)
:Sending Touch (ACTION_UP): 0:(804.4789,2081.4841)
Sleeping for 500 milliseconds
:Sending Key (ACTION_DOWN): 19    // KEYCODE_DPAD_UP
:Sending Key (ACTION_UP): 19    // KEYCODE_DPAD_UP
Sleeping for 500 milliseconds
:Sending Trackball (ACTION_MOVE): 0:(3.0,-1.0)
:Sending Trackball (ACTION_MOVE): 0:(-5.0,2.0)
:Sending Trackball (ACTION_MOVE): 0:(-3.0,-2.0)
:Sending Trackball (ACTION_MOVE): 0:(-3.0,-4.0)
:Sending Trackball (ACTION_MOVE): 0:(2.0,-5.0)
:Sending Trackball (ACTION_MOVE): 0:(2.0,3.0)
:Sending Trackball (ACTION_MOVE): 0:(2.0,0.0)
:Sending Trackball (ACTION_MOVE): 0:(-3.0,3.0)
:Sending Trackball (ACTION_MOVE): 0:(-3.0,0.0)
:Sending Trackball (ACTION_MOVE): 0:(-3.0,-3.0)
:Sending Trackball (ACTION_MOVE): 0:(0.0,1.0)
:Sending Trackball (ACTION_MOVE): 0:(2.0,1.0)
:Sending Trackball (ACTION_MOVE): 0:(0.0,-5.0)
:Sending Trackball (ACTION_MOVE): 0:(-4.0,-4.0)
:Sending Trackball (ACTION_MOVE): 0:(2.0,4.0)
:Sending Trackball (ACTION_MOVE): 0:(-1.0,-1.0)
:Sending Trackball (ACTION_MOVE): 0:(1.0,-3.0)
:Sending Trackball (ACTION_MOVE): 0:(3.0,3.0)
:Sending Trackball (ACTION_MOVE): 0:(-1.0,-3.0)
:Sending Trackball (ACTION_MOVE): 0:(-1.0,0.0)
:Sending Key (ACTION_DOWN): 122    // KEYCODE_MOVE_HOME
:Sending Key (ACTION_UP): 122    // KEYCODE_MOVE_HOME
Sleeping for 500 milliseconds
:Sending Touch (ACTION_DOWN): 0:(1014.0,1530.0)
:Sending Touch (ACTION_UP): 0:(1031.3506,1512.8857)
Sleeping for 500 milliseconds
:Sending Key (ACTION_DOWN): 19    // KEYCODE_DPAD_UP
:Sending Key (ACTION_UP): 19    // KEYCODE_DPAD_UP
Sleeping for 500 milliseconds
:Sending Touch (ACTION_DOWN): 0:(877.0,557.0)
Events injected: 500
:Sending rotation degree=0, persist=false
:Dropped: keys=0 pointers=0 trackballs=0 flips=1 rotations=0
## Network stats: elapsed time=59854ms (0ms mobile, 0ms wifi, 59854ms not connected)
// Monkey finished
