  bash arg: -p
  bash arg: com.yishouapp.fumi
  bash arg: --throttle
  bash arg: 500
  bash arg: --ignore-timeouts
  bash arg: --ignore-crashes
  bash arg: --monitor-native-crashes
  bash arg: -v
  bash arg: -v
  bash arg: -v
  bash arg: 500
:Monkey: seed=1605331695379 count=500
:AllowPackage: com.yishouapp.fumi
:IncludeCategory: android.intent.category.LAUNCHER
:IncludeCategory: android.intent.category.MONKEY
// Selecting main activities from category android.intent.category.LAUNCHER
//   - NOT USING main activity com.android.gallery3d.vivo.GalleryTabActivity (from package com.vivo.gallery)
//   - NOT USING main activity com.android.bbkmusic.WidgetToTrackActivity (from package com.android.bbkmusic)
//   - NOT USING main activity com.android.activity.ReclistActivity (from package com.android.bbksoundrecorder)
//   - NOT USING main activity com.android.camera.CameraActivity (from package com.android.camera)
//   - NOT USING main activity com.android.contacts.DialtactsContactsEntryActivity (from package com.android.contacts)
//   - NOT USING main activity com.android.dialer.TwelveKeyDialer (from package com.android.dialer)
//   - NOT USING main activity com.android.mms.ui.ConversationList (from package com.android.mms)
//   - NOT USING main activity com.android.settings.Settings (from package com.android.settings)
//   - NOT USING main activity com.bbk.calendar.MainActivity (from package com.bbk.calendar)
//   - NOT USING main activity com.bbk.theme.Theme (from package com.bbk.theme)
//   - NOT USING main activity com.chaozh.iReader.ui.activity.WelcomeActivity (from package com.chaozh.iReader)
//   - NOT USING main activity com.mobile.iroaming.activity.MainActivity (from package com.mobile.iroaming)
//   - NOT USING main activity com.vivo.health.main.activity.GuideActivity (from package com.vivo.health)
//   - NOT USING main activity com.baidu.baidumaps.WelcomeScreen (from package com.baidu.BaiduMap)
//   - NOT USING main activity com.qihoo.appstore.home.LauncherActivity (from package com.qihoo.appstore)
//   - NOT USING main activity com.vivo.vhome.ui.VHomeActivity (from package com.vivo.vhome)
//   - NOT USING main activity org.mozilla.firefox.App (from package org.mozilla.firefox)
//   - NOT USING main activity com.android.BBKClock.Timer (from package com.android.BBKClock)
//   - NOT USING main activity com.android.VideoPlayer.VideoPlayer (from package com.android.VideoPlayer)
//   - NOT USING main activity com.android.bbkcalculator.Calculator (from package com.android.bbkcalculator)
//   - NOT USING main activity com.android.filemanager.FileManagerActivity (from package com.android.filemanager)
//   - NOT USING main activity com.android.notes.Notes (from package com.android.notes)
//   - NOT USING main activity com.bbk.appstore.ui.AppStore (from package com.bbk.appstore)
//   - NOT USING main activity com.bbk.cloud.activities.BBKCloudHomeScreen (from package com.bbk.cloud)
//   - NOT USING main activity com.iqoo.secure.MainGuideActivity (from package com.iqoo.secure)
//   - NOT USING main activity com.vivo.Tips.MainActivity (from package com.vivo.Tips)
//   - NOT USING main activity com.vivo.agent.view.activities.JoviHomeNewActivity (from package com.vivo.agent)
//   - NOT USING main activity com.vivo.browser.BrowserActivity (from package com.vivo.browser)
//   - NOT USING main activity com.vivo.compass.CalibrationActivity (from package com.vivo.compass)
//   - NOT USING main activity com.vivo.easyshare.activity.SplashScreenActivity (from package com.vivo.easyshare)
//   - NOT USING main activity com.vivo.email.activity.Welcome (from package com.vivo.email)
//   - NOT USING main activity com.vivo.game.ui.LogoActivity (from package com.vivo.game)
//   - NOT USING main activity com.vivo.space.ui.LogoActivity (from package com.vivo.space)
//   - NOT USING main activity com.vivo.wallet.StartPageActivity (from package com.vivo.wallet)
//   - NOT USING main activity com.vivo.weather.WeatherMain (from package com.vivo.weather)
//   - NOT USING main activity com.mqunar.splash.SplashActivity (from package com.Qunar)
//   - NOT USING main activity com.UCMobile.main.UCMobile (from package com.UCMobile)
//   - NOT USING main activity com.alibaba.android.rimet.biz.LaunchHomeActivity (from package com.alibaba.android.rimet)
//   - NOT USING main activity com.android.bbk.lockscreen3.LockScreenActivity (from package com.android.bbk.lockscreen3)
//   - NOT USING main activity com.baidu.haokan.app.activity.HomeActivity (from package com.baidu.haokan)
//   - NOT USING main activity com.baidu.searchbox.SplashActivity (from package com.baidu.searchbox)
//   - NOT USING main activity com.bbk.iqoo.feedback.activities.UserFeedBackActivity (from package com.bbk.iqoo.feedback)
//   - NOT USING main activity com.eg.android.AlipayGphone.AlipayLogin (from package com.eg.android.AlipayGphone)
//   - NOT USING main activity com.fumikeji.cangchu.SplashActivity (from package com.fumikeji.cangchu)
//   - NOT USING main activity com.fumikeji.crm.SplashActivity (from package com.fumikeji.crm)
//   - NOT USING main activity com.fumikeji.dangkou.SplashActivity (from package com.fumikeji.dangkou)
//   - NOT USING main activity com.jingdong.app.mall.main.MainActivity (from package com.jingdong.app.mall)
//   - NOT USING main activity com.oray.sunlogin.application.Main (from package com.oray.sunlogin)
//   - NOT USING main activity com.pp.assistant.activity.MainActivity (from package com.pp.assistant)
//   - NOT USING main activity com.qiyi.video.WelcomeActivity (from package com.qiyi.video)
//   - NOT USING main activity com.meituan.android.pt.homepage.activity.MainActivity (from package com.sankuai.meituan)
//   - NOT USING main activity com.sina.weibo.SplashActivity (from package com.sina.weibo)
//   - NOT USING main activity com.ss.android.article.news.activity.MainActivity (from package com.ss.android.article.news)
//   - NOT USING main activity com.ss.android.ugc.aweme.splash.SplashActivity (from package com.ss.android.ugc.aweme)
//   - NOT USING main activity com.szsbay.smarthome.module.MainActivity (from package com.szsbay.unicom)
//   - NOT USING main activity com.taobao.tao.welcome.Welcome (from package com.taobao.taobao)
//   - NOT USING main activity com.tencent.mm.ui.LauncherUI (from package com.tencent.mm)
//   - NOT USING main activity com.tencent.mobileqq.activity.SplashActivity (from package com.tencent.mobileqq)
//   - NOT USING main activity com.tencent.qnet.ui.login.LoginActivity (from package com.tencent.qnet)
//   - NOT USING main activity com.tencent.qqlive.ona.activity.SplashHomeActivity (from package com.tencent.qqlive)
//   - NOT USING main activity com.tencent.qqmusic.activity.AppStarterActivity (from package com.tencent.qqmusic)
//   - NOT USING main activity com.timeweekly.timefinance.mvp.ui.activity.SplashActivity (from package com.timeweekly.timefinance)
//   - NOT USING main activity com.vivo.childrenmode.activity.ChildHomeActivity (from package com.vivo.childrenmode)
//   - NOT USING main activity com.wuba.activity.launch.LaunchActivity (from package com.wuba)
//   - NOT USING main activity com.ximalaya.ting.android.host.activity.WelComeActivity (from package com.ximalaya.ting.android)
//   - NOT USING main activity com.xingin.xhs.activity.SplashActivity (from package com.xingin.xhs)
//   - NOT USING main activity com.xueqiu.android.view.WelcomeActivityAlias (from package com.xueqiu.android)
//   - NOT USING main activity com.xunmeng.pinduoduo.ui.activity.MainFrameActivity (from package com.xunmeng.pinduoduo)
//   + Using main activity com.yishouapp.fumi.activity.ApiChoseActivity (from package com.yishouapp.fumi)
//   - NOT USING main activity io.appium.settings.Settings (from package io.appium.settings)
// Selecting main activities from category android.intent.category.MONKEY
//   - NOT USING main activity com.android.phone.MobileNetworkSettings (from package com.android.phone)
//   - NOT USING main activity com.android.settings.Settings$RunningServicesActivity (from package com.android.settings)
//   - NOT USING main activity com.android.settings.Settings$StorageUseActivity (from package com.android.settings)
//   - NOT USING main activity com.bbk.launcher2.Launcher (from package com.bbk.launcher2)
//   - NOT USING main activity com.bbk.scene.launcher.theme.SceneLauncherThemeMainActivity (from package com.bbk.scene.launcher.theme)
//   - NOT USING main activity com.iqoo.engineermode.EngineerMode (from package com.iqoo.engineermode)
//   - NOT USING main activity com.vivo.childrenmode.ui.activity.MainActivity (from package com.vivo.childrenmode)
//   - NOT USING main activity com.vivo.systemui.statusbar.notification.settings.StatusbarSettingActivity (from package com.android.systemui)
//   - NOT USING main activity com.vivo.systemui.statusbar.notification.settings.channels.NotificationSettingsActivity (from package com.android.systemui)
//   - NOT USING main activity com.vivo.keyguard.views.themes.nature.iconset.IconSettings (from package com.android.systemui)
//   - NOT USING main activity com.android.keyguard.vivo.VivoConfirmActivity (from package com.android.systemui)
//   - NOT USING main activity com.android.keyguard.vivo.VivoFaceRecommendDialog (from package com.android.systemui)
//   - NOT USING main activity com.vivo.shortcutcenter.ui.HomeActivity (from package com.vivo.shortcutcenter)
//   - NOT USING main activity com.vivo.smartshot.ui.TestSmartShotActivity (from package com.vivo.smartshot)
//   - NOT USING main activity com.vivo.upslide.recents.RecentsActivity (from package com.vivo.upslide)
//   - NOT USING main activity com.vivo.upslide.settings.settings.NavigationSettingsActivity (from package com.vivo.upslide)
//   - NOT USING main activity com.vivo.upslide.settings.settings.AboutHomeIndicatorActivity (from package com.vivo.upslide)
//   - NOT USING main activity com.vivo.upslide.settings.settings.FullScreenDoubleSlideActivity (from package com.vivo.upslide)
//   - NOT USING main activity com.vivo.upslide.settings.settings.GestureOrderActivity (from package com.vivo.upslide)
//   - NOT USING main activity com.vivo.upslide.settings.settings.NavigationGestureModeActivity (from package com.vivo.upslide)
//   - NOT USING main activity com.vivo.upslide.settings.settings.GestureStyleActivity (from package com.vivo.upslide)
//   - NOT USING main activity com.vivo.upslide.settings.settings.NavigationLandscapePositionActivity (from package com.vivo.upslide)
//   - NOT USING main activity com.vivo.upslide.settings.settings.LandscapeGesturePosActivity (from package com.vivo.upslide)
//   - NOT USING main activity com.vivo.upslide.settings.settings.NavigationStyleActivity (from package com.vivo.upslide)
//   - NOT USING main activity com.vivo.upslide.settings.settings.SwitchAppActivity (from package com.vivo.upslide)
//   - NOT USING main activity com.vivo.upslide.settings.settings.export.IndicatorDemoActivity (from package com.vivo.upslide)
// Seeded: 1605331695379
// Event percentages:
//   0: 15.0%
//   1: 10.0%
//   2: 2.0%
//   3: 15.0%
//   4: -0.0%
//   5: -0.0%
//   6: 25.0%
//   7: 15.0%
//   8: 2.0%
//   9: 2.0%
//   10: 1.0%
//   11: 13.0%
:Switch: #Intent;action=android.intent.action.MAIN;category=android.intent.category.LAUNCHER;launchFlags=0x10200000;component=com.yishouapp.fumi/.activity.ApiChoseActivity;end
    // Allowing start of Intent { act=android.intent.action.MAIN cat=[android.intent.category.LAUNCHER] cmp=com.yishouapp.fumi/.activity.ApiChoseActivity } in package com.yishouapp.fumi
Sleeping for 500 milliseconds
:Sending Key (ACTION_DOWN): 19    // KEYCODE_DPAD_UP
:Sending Key (ACTION_UP): 19    // KEYCODE_DPAD_UP
Sleeping for 500 milliseconds
:Sending Touch (ACTION_DOWN): 0:(606.0,385.0)
:Sending Touch (ACTION_MOVE): 0:(607.6999,379.57254)
:Sending Touch (ACTION_MOVE): 0:(616.7472,372.4284)
:Sending Touch (ACTION_MOVE): 0:(626.40674,364.49634)
:Sending Touch (ACTION_MOVE): 0:(629.4101,360.68234)
:Sending Touch (ACTION_MOVE): 0:(635.13934,356.35287)
:Sending Touch (ACTION_MOVE): 0:(635.30286,354.8482)
:Sending Touch (ACTION_MOVE): 0:(644.9225,353.23026)
:Sending Touch (ACTION_MOVE): 0:(651.6465,345.74142)
:Sending Touch (ACTION_MOVE): 0:(660.5333,337.77063)
:Sending Touch (ACTION_UP): 0:(664.99115,331.92892)
Sleeping for 500 milliseconds
:Sending Key (ACTION_DOWN): 253    // KEYCODE_TV_AUDIO_DESCRIPTION_MIX_UP
:Sending Key (ACTION_UP): 253    // KEYCODE_TV_AUDIO_DESCRIPTION_MIX_UP
Sleeping for 500 milliseconds
:Sending Key (ACTION_DOWN): 82    // KEYCODE_MENU
:Sending Key (ACTION_UP): 82    // KEYCODE_MENU
Sleeping for 500 milliseconds
:Sending Key (ACTION_DOWN): 82    // KEYCODE_MENU
:Sending Key (ACTION_UP): 82    // KEYCODE_MENU
Sleeping for 500 milliseconds
:Sending Key (ACTION_DOWN): 21    // KEYCODE_DPAD_LEFT
:Sending Key (ACTION_UP): 21    // KEYCODE_DPAD_LEFT
Sleeping for 500 milliseconds
:Sending Touch (ACTION_DOWN): 0:(887.0,1076.0)
:Sending Touch (ACTION_MOVE): 0:(883.2883,1070.5757)
:Sending Touch (ACTION_MOVE): 0:(880.961,1061.2902)
:Sending Touch (ACTION_UP): 0:(875.8136,1049.8293)
Sleeping for 500 milliseconds
:Sending Key (ACTION_DOWN): 20    // KEYCODE_DPAD_DOWN
:Sending Key (ACTION_UP): 20    // KEYCODE_DPAD_DOWN
Sleeping for 500 milliseconds
:Sending Touch (ACTION_DOWN): 0:(465.0,1009.0)
:Sending Touch (ACTION_UP): 0:(457.3404,1024.1726)
Sleeping for 500 milliseconds
:Sending Key (ACTION_DOWN): 19    // KEYCODE_DPAD_UP
:Sending Key (ACTION_UP): 19    // KEYCODE_DPAD_UP
Sleeping for 500 milliseconds
:Sending Touch (ACTION_DOWN): 0:(1016.0,1631.0)
:Sending Touch (ACTION_POINTER_DOWN 1): 0:(1022.35187,1616.3667) 1:(1042.0,1140.0)
:Sending Touch (ACTION_MOVE): 0:(1026.7441,1608.0514) 1:(1037.672,1139.0636)
:Sending Touch (ACTION_MOVE): 0:(1027.8215,1589.6207) 1:(1034.4729,1137.3885)
:Sending Touch (ACTION_MOVE): 0:(1030.2319,1588.0527) 1:(1031.1118,1134.8325)
:Sending Touch (ACTION_POINTER_UP 1): 0:(1034.426,1579.5448) 1:(1029.3785,1132.7128)
:Sending Touch (ACTION_UP): 0:(1042.2905,1568.3433)
Sleeping for 500 milliseconds
:Sending Touch (ACTION_DOWN): 0:(545.0,1561.0)
:Sending Touch (ACTION_MOVE): 0:(542.2721,1539.0779)
:Sending Touch (ACTION_MOVE): 0:(528.0196,1526.5728)
:Sending Touch (ACTION_MOVE): 0:(512.9109,1523.6261)
:Sending Touch (ACTION_UP): 0:(496.6944,1511.1768)
Sleeping for 500 milliseconds
:Sending Key (ACTION_DOWN): 23    // KEYCODE_DPAD_CENTER
:Sending Key (ACTION_UP): 23    // KEYCODE_DPAD_CENTER
Sleeping for 500 milliseconds
:Sending Key (ACTION_DOWN): 23    // KEYCODE_DPAD_CENTER
:Sending Key (ACTION_UP): 23    // KEYCODE_DPAD_CENTER
Sleeping for 500 milliseconds
:Sending Trackball (ACTION_MOVE): 0:(-1.0,-5.0)
:Sending Trackball (ACTION_MOVE): 0:(4.0,-2.0)
:Sending Trackball (ACTION_MOVE): 0:(2.0,-1.0)
:Sending Trackball (ACTION_MOVE): 0:(0.0,4.0)
:Sending Trackball (ACTION_MOVE): 0:(2.0,2.0)
:Sending Trackball (ACTION_MOVE): 0:(-2.0,-2.0)
:Sending Trackball (ACTION_MOVE): 0:(-4.0,1.0)
:Sending Trackball (ACTION_MOVE): 0:(4.0,-2.0)
:Sending Trackball (ACTION_MOVE): 0:(-5.0,1.0)
:Sending Trackball (ACTION_MOVE): 0:(-1.0,2.0)
:Sending Trackball (ACTION_MOVE): 0:(0.0,0.0)
:Sending Trackball (ACTION_MOVE): 0:(-4.0,-5.0)
:Sending Trackball (ACTION_MOVE): 0:(1.0,-1.0)
:Sending Trackball (ACTION_MOVE): 0:(2.0,-3.0)
:Sending Trackball (ACTION_MOVE): 0:(-2.0,4.0)
:Sending Trackball (ACTION_MOVE): 0:(2.0,-1.0)
:Sending Trackball (ACTION_MOVE): 0:(4.0,-2.0)
:Sending Trackball (ACTION_MOVE): 0:(-5.0,1.0)
:Sending Trackball (ACTION_MOVE): 0:(2.0,-4.0)
:Sending Trackball (ACTION_MOVE): 0:(-5.0,-2.0)
:Sending Trackball (ACTION_DOWN): 0:(0.0,0.0)
:Sending Trackball (ACTION_UP): 0:(0.0,0.0)
Sleeping for 500 milliseconds
:Sending Key (ACTION_DOWN): 82    // KEYCODE_MENU
:Sending Key (ACTION_UP): 82    // KEYCODE_MENU
Sleeping for 500 milliseconds
:Sending Key (ACTION_DOWN): 33    // KEYCODE_E
:Sending Key (ACTION_UP): 33    // KEYCODE_E
Sleeping for 500 milliseconds
:Sending Trackball (ACTION_MOVE): 0:(-5.0,-5.0)
:Sending Trackball (ACTION_MOVE): 0:(0.0,-3.0)
:Sending Trackball (ACTION_MOVE): 0:(-1.0,-5.0)
:Sending Trackball (ACTION_MOVE): 0:(-1.0,-4.0)
:Sending Trackball (ACTION_MOVE): 0:(-3.0,-5.0)
:Sending Trackball (ACTION_MOVE): 0:(-3.0,1.0)
:Sending Trackball (ACTION_MOVE): 0:(-5.0,1.0)
:Sending Trackball (ACTION_MOVE): 0:(-4.0,4.0)
:Sending Trackball (ACTION_MOVE): 0:(3.0,0.0)
:Sending Trackball (ACTION_MOVE): 0:(-1.0,-2.0)
:Sending Trackball (ACTION_DOWN): 0:(0.0,0.0)
:Sending Trackball (ACTION_UP): 0:(0.0,0.0)
Sleeping for 500 milliseconds
    // activityResuming(com.yishouapp.fumi)
:Sending Key (ACTION_DOWN): 22    // KEYCODE_DPAD_RIGHT
:Sending Key (ACTION_UP): 22    // KEYCODE_DPAD_RIGHT
Sleeping for 500 milliseconds
:Sending Key (ACTION_DOWN): 19    // KEYCODE_DPAD_UP
:Sending Key (ACTION_UP): 19    // KEYCODE_DPAD_UP
Sleeping for 500 milliseconds
:Sending Key (ACTION_DOWN): 21    // KEYCODE_DPAD_LEFT
:Sending Key (ACTION_UP): 21    // KEYCODE_DPAD_LEFT
Sleeping for 500 milliseconds
:Sending Key (ACTION_DOWN): 23    // KEYCODE_DPAD_CENTER
:Sending Key (ACTION_UP): 23    // KEYCODE_DPAD_CENTER
Sleeping for 500 milliseconds
    // Allowing start of Intent { cmp=com.yishouapp.fumi/com.app.module.stall.activity.MyStallActivity } in package com.yishouapp.fumi
:Sending Key (ACTION_DOWN): 82    // KEYCODE_MENU
:Sending Key (ACTION_UP): 82    // KEYCODE_MENU
Sleeping for 500 milliseconds
:Sending Touch (ACTION_DOWN): 0:(112.0,949.0)
:Sending Touch (ACTION_UP): 0:(113.20429,948.9246)
Sleeping for 500 milliseconds
:Sending Key (ACTION_DOWN): 82    // KEYCODE_MENU
:Sending Key (ACTION_UP): 82    // KEYCODE_MENU
    //[calendar_time:2020-11-12 17:10:10.964  system_uptime:286937964]
    // Sending event #100
Sleeping for 500 milliseconds
    //[calendar_time:2020-11-12 17:10:11.467  system_uptime:286938466]
    // Sending event #100
:Switch: #Intent;action=android.intent.action.MAIN;category=android.intent.category.LAUNCHER;launchFlags=0x10200000;component=com.yishouapp.fumi/.activity.ApiChoseActivity;end
    // Allowing start of Intent { act=android.intent.action.MAIN cat=[android.intent.category.LAUNCHER] cmp=com.yishouapp.fumi/.activity.ApiChoseActivity } in package com.yishouapp.fumi
Sleeping for 500 milliseconds
:Sending Key (ACTION_DOWN): 4    // KEYCODE_BACK
:Sending Key (ACTION_UP): 4    // KEYCODE_BACK
Sleeping for 500 milliseconds
:Sending Trackball (ACTION_MOVE): 0:(-4.0,0.0)
:Sending Trackball (ACTION_MOVE): 0:(4.0,2.0)
:Sending Trackball (ACTION_MOVE): 0:(-1.0,0.0)
:Sending Trackball (ACTION_MOVE): 0:(0.0,4.0)
:Sending Trackball (ACTION_MOVE): 0:(-3.0,3.0)
:Sending Trackball (ACTION_MOVE): 0:(-3.0,2.0)
:Sending Trackball (ACTION_MOVE): 0:(-3.0,2.0)
:Sending Trackball (ACTION_MOVE): 0:(-2.0,3.0)
:Sending Trackball (ACTION_MOVE): 0:(-2.0,3.0)
:Sending Trackball (ACTION_MOVE): 0:(4.0,-2.0)
:Sending Trackball (ACTION_MOVE): 0:(2.0,2.0)
:Sending Trackball (ACTION_MOVE): 0:(1.0,0.0)
:Sending Trackball (ACTION_MOVE): 0:(3.0,-5.0)
:Sending Trackball (ACTION_MOVE): 0:(3.0,0.0)
:Sending Trackball (ACTION_MOVE): 0:(0.0,-5.0)
:Sending Trackball (ACTION_MOVE): 0:(0.0,-4.0)
:Sending Trackball (ACTION_MOVE): 0:(4.0,1.0)
:Sending Trackball (ACTION_MOVE): 0:(-3.0,-3.0)
:Sending Trackball (ACTION_MOVE): 0:(-2.0,2.0)
:Sending Trackball (ACTION_MOVE): 0:(4.0,4.0)
:Sending Touch (ACTION_DOWN): 0:(929.0,1684.0)
:Sending Touch (ACTION_UP): 0:(925.03503,1685.4182)
Sleeping for 500 milliseconds
:Sending Key (ACTION_DOWN): 20    // KEYCODE_DPAD_DOWN
:Sending Key (ACTION_UP): 20    // KEYCODE_DPAD_DOWN
Sleeping for 500 milliseconds
:Sending Touch (ACTION_DOWN): 0:(706.0,2150.0)
:Sending Touch (ACTION_MOVE): 0:(703.5491,2154.6096)
:Sending Touch (ACTION_MOVE): 0:(698.4722,2158.7385)
:Sending Touch (ACTION_MOVE): 0:(687.34686,2160.0203)
:Sending Touch (ACTION_MOVE): 0:(682.22296,2161.037)
:Sending Touch (ACTION_UP): 0:(677.1905,2163.4592)
Sleeping for 500 milliseconds
:Switch: #Intent;action=android.intent.action.MAIN;category=android.intent.category.LAUNCHER;launchFlags=0x10200000;component=com.yishouapp.fumi/.activity.ApiChoseActivity;end
    // Allowing start of Intent { act=android.intent.action.MAIN cat=[android.intent.category.LAUNCHER] cmp=com.yishouapp.fumi/.activity.ApiChoseActivity } in package com.yishouapp.fumi
Sleeping for 500 milliseconds
:Sending Touch (ACTION_DOWN): 0:(1053.0,66.0)
:Sending Touch (ACTION_MOVE): 0:(1069.132,67.119675)
:Sending Touch (ACTION_MOVE): 0:(1080.0,86.86224)
:Sending Touch (ACTION_MOVE): 0:(1080.0,103.3619)
:Sending Touch (ACTION_MOVE): 0:(1080.0,118.19228)
:Sending Touch (ACTION_MOVE): 0:(1080.0,131.20987)
:Sending Touch (ACTION_MOVE): 0:(1080.0,132.64578)
:Sending Touch (ACTION_MOVE): 0:(1080.0,149.59747)
:Sending Touch (ACTION_MOVE): 0:(1080.0,159.36957)
:Sending Touch (ACTION_UP): 0:(1080.0,172.30664)
Sleeping for 500 milliseconds
:Sending Key (ACTION_DOWN): 19    // KEYCODE_DPAD_UP
:Sending Key (ACTION_UP): 19    // KEYCODE_DPAD_UP
Sleeping for 500 milliseconds
:Sending Key (ACTION_DOWN): 189    // KEYCODE_BUTTON_2
:Sending Key (ACTION_UP): 189    // KEYCODE_BUTTON_2
Sleeping for 500 milliseconds
:Sending Key (ACTION_DOWN): 104    // KEYCODE_BUTTON_L2
:Sending Key (ACTION_UP): 104    // KEYCODE_BUTTON_L2
Sleeping for 500 milliseconds
:Sending Key (ACTION_DOWN): 20    // KEYCODE_DPAD_DOWN
:Sending Key (ACTION_UP): 20    // KEYCODE_DPAD_DOWN
Sleeping for 500 milliseconds
:Sending Touch (ACTION_DOWN): 0:(58.0,256.0)
:Sending Touch (ACTION_UP): 0:(67.87346,257.40018)
Sleeping for 500 milliseconds
:Sending Touch (ACTION_DOWN): 0:(128.0,116.0)
:Sending Touch (ACTION_MOVE): 0:(113.55757,106.47812)
:Sending Touch (ACTION_UP): 0:(106.48476,103.099846)
Sleeping for 500 milliseconds
:Sending Trackball (ACTION_MOVE): 0:(-4.0,-3.0)
:Sending Trackball (ACTION_MOVE): 0:(-3.0,0.0)
:Sending Trackball (ACTION_MOVE): 0:(-1.0,3.0)
:Sending Trackball (ACTION_MOVE): 0:(0.0,3.0)
:Sending Trackball (ACTION_MOVE): 0:(-5.0,-4.0)
:Sending Trackball (ACTION_MOVE): 0:(1.0,1.0)
:Sending Trackball (ACTION_MOVE): 0:(-2.0,-1.0)
:Sending Trackball (ACTION_MOVE): 0:(-3.0,2.0)
:Sending Trackball (ACTION_MOVE): 0:(2.0,3.0)
:Sending Trackball (ACTION_MOVE): 0:(-2.0,1.0)
:Sending Key (ACTION_DOWN): 21    // KEYCODE_DPAD_LEFT
:Sending Key (ACTION_UP): 21    // KEYCODE_DPAD_LEFT
Sleeping for 500 milliseconds
:Sending Touch (ACTION_DOWN): 0:(393.0,1367.0)
:Sending Touch (ACTION_UP): 0:(392.65985,1367.726)
Sleeping for 500 milliseconds
    // Rejecting start of Intent { cmp=com.vivo.assistant/.ui.MainActivity } in package com.vivo.assistant
:Sending Key (ACTION_DOWN): 23    // KEYCODE_DPAD_CENTER
:Sending Key (ACTION_UP): 23    // KEYCODE_DPAD_CENTER
Sleeping for 500 milliseconds
:Sending Key (ACTION_DOWN): 83    // KEYCODE_NOTIFICATION
:Sending Key (ACTION_UP): 83    // KEYCODE_NOTIFICATION
Sleeping for 500 milliseconds
:Sending Trackball (ACTION_MOVE): 0:(2.0,-2.0)
:Sending Trackball (ACTION_MOVE): 0:(-3.0,-2.0)
:Sending Trackball (ACTION_MOVE): 0:(3.0,-3.0)
:Sending Trackball (ACTION_MOVE): 0:(-4.0,-4.0)
:Sending Trackball (ACTION_MOVE): 0:(0.0,-4.0)
:Sending Trackball (ACTION_MOVE): 0:(2.0,-4.0)
:Sending Trackball (ACTION_MOVE): 0:(1.0,-4.0)
:Sending Trackball (ACTION_MOVE): 0:(-1.0,-1.0)
:Sending Trackball (ACTION_MOVE): 0:(-5.0,-2.0)
:Sending Trackball (ACTION_MOVE): 0:(2.0,-4.0)
:Sending Key (ACTION_DOWN): 21    // KEYCODE_DPAD_LEFT
:Sending Key (ACTION_UP): 21    // KEYCODE_DPAD_LEFT
Sleeping for 500 milliseconds
:Sending Touch (ACTION_DOWN): 0:(765.0,1063.0)
:Sending Touch (ACTION_MOVE): 0:(753.3793,1060.9388)
:Sending Touch (ACTION_MOVE): 0:(746.56647,1052.3746)
:Sending Touch (ACTION_MOVE): 0:(733.63196,1046.2548)
:Sending Touch (ACTION_MOVE): 0:(728.1743,1037.3448)
:Sending Touch (ACTION_UP): 0:(718.33435,1031.0209)
Sleeping for 500 milliseconds
:Sending Key (ACTION_DOWN): 22    // KEYCODE_DPAD_RIGHT
:Sending Key (ACTION_UP): 22    // KEYCODE_DPAD_RIGHT
Sleeping for 500 milliseconds
:Sending Touch (ACTION_DOWN): 0:(530.0,836.0)
:Sending Touch (ACTION_UP): 0:(516.8326,835.2644)
Sleeping for 500 milliseconds
:Sending Touch (ACTION_DOWN): 0:(404.0,274.0)
:Sending Touch (ACTION_UP): 0:(405.18375,285.8751)
Sleeping for 500 milliseconds
:Sending Key (ACTION_DOWN): 20    // KEYCODE_DPAD_DOWN
    //[calendar_time:2020-11-12 17:10:23.330  system_uptime:286950329]
    // Sending event #200
:Sending Key (ACTION_UP): 20    // KEYCODE_DPAD_DOWN
Sleeping for 500 milliseconds
:Sending Key (ACTION_DOWN): 82    // KEYCODE_MENU
:Sending Key (ACTION_UP): 82    // KEYCODE_MENU
Sleeping for 500 milliseconds
:Sending Touch (ACTION_DOWN): 0:(199.0,1311.0)
:Sending Touch (ACTION_MOVE): 0:(210.56296,1305.6702)
:Sending Touch (ACTION_MOVE): 0:(223.47446,1304.4708)
:Sending Touch (ACTION_MOVE): 0:(231.11409,1295.608)
:Sending Touch (ACTION_UP): 0:(244.70023,1295.0814)
Sleeping for 500 milliseconds
:Sending Key (ACTION_DOWN): 45    // KEYCODE_Q
:Sending Key (ACTION_UP): 45    // KEYCODE_Q
Sleeping for 500 milliseconds
:Sending Key (ACTION_DOWN): 3    // KEYCODE_HOME
:Sending Key (ACTION_UP): 3    // KEYCODE_HOME
Sleeping for 500 milliseconds
    // Allowing start of Intent { act=android.intent.action.MAIN cat=[android.intent.category.HOME] cmp=com.bbk.launcher2/.Launcher } in package com.bbk.launcher2
    // activityResuming(com.bbk.launcher2)
    // Rejecting resume of package com.bbk.launcher2
:Sending Key (ACTION_DOWN): 23    // KEYCODE_DPAD_CENTER
:Sending Key (ACTION_UP): 23    // KEYCODE_DPAD_CENTER
Sleeping for 500 milliseconds
:Sending Key (ACTION_DOWN): 23    // KEYCODE_DPAD_CENTER
:Sending Key (ACTION_UP): 23    // KEYCODE_DPAD_CENTER
Sleeping for 500 milliseconds
:Sending Touch (ACTION_DOWN): 0:(338.0,1434.0)
:Sending Touch (ACTION_MOVE): 0:(338.35464,1449.0593)
:Sending Touch (ACTION_MOVE): 0:(338.7716,1453.6328)
:Sending Touch (ACTION_MOVE): 0:(338.98492,1464.4961)
:Sending Touch (ACTION_UP): 0:(339.05307,1475.6702)
Sleeping for 500 milliseconds
:Sending Key (ACTION_DOWN): 82    // KEYCODE_MENU
:Sending Key (ACTION_UP): 82    // KEYCODE_MENU
Sleeping for 500 milliseconds
:Sending Key (ACTION_DOWN): 22    // KEYCODE_DPAD_RIGHT
:Sending Key (ACTION_UP): 22    // KEYCODE_DPAD_RIGHT
Sleeping for 500 milliseconds
:Sending Trackball (ACTION_MOVE): 0:(-3.0,1.0)
:Sending Trackball (ACTION_MOVE): 0:(1.0,-4.0)
:Sending Trackball (ACTION_MOVE): 0:(-1.0,4.0)
:Sending Trackball (ACTION_MOVE): 0:(-4.0,4.0)
:Sending Trackball (ACTION_MOVE): 0:(1.0,-1.0)
:Sending Trackball (ACTION_MOVE): 0:(-1.0,3.0)
:Sending Trackball (ACTION_MOVE): 0:(-1.0,-5.0)
:Sending Trackball (ACTION_MOVE): 0:(4.0,0.0)
:Sending Trackball (ACTION_MOVE): 0:(-2.0,2.0)
:Sending Trackball (ACTION_MOVE): 0:(0.0,-4.0)
:Sending Key (ACTION_DOWN): 21    // KEYCODE_DPAD_LEFT
:Sending Key (ACTION_UP): 21    // KEYCODE_DPAD_LEFT
Sleeping for 500 milliseconds
:Sending Key (ACTION_DOWN): 23    // KEYCODE_DPAD_CENTER
:Sending Key (ACTION_UP): 23    // KEYCODE_DPAD_CENTER
Sleeping for 500 milliseconds
:Sending Touch (ACTION_DOWN): 0:(49.0,392.0)
:Sending Touch (ACTION_MOVE): 0:(48.837963,397.3829)
:Sending Touch (ACTION_MOVE): 0:(47.784683,400.56323)
:Sending Touch (ACTION_MOVE): 0:(44.62433,400.75143)
:Sending Touch (ACTION_MOVE): 0:(42.686134,401.81155)
:Sending Touch (ACTION_MOVE): 0:(41.249977,405.44595)
:Sending Touch (ACTION_MOVE): 0:(41.17859,407.1458)
:Sending Touch (ACTION_MOVE): 0:(35.881935,407.80078)
:Sending Touch (ACTION_MOVE): 0:(33.954693,408.66043)
:Sending Touch (ACTION_UP): 0:(28.755646,412.10083)
Sleeping for 500 milliseconds
:Sending Key (ACTION_DOWN): 21    // KEYCODE_DPAD_LEFT
:Sending Key (ACTION_UP): 21    // KEYCODE_DPAD_LEFT
Sleeping for 500 milliseconds
:Sending Key (ACTION_DOWN): 23    // KEYCODE_DPAD_CENTER
:Sending Key (ACTION_UP): 23    // KEYCODE_DPAD_CENTER
Sleeping for 500 milliseconds
:Sending Trackball (ACTION_MOVE): 0:(4.0,-1.0)
:Sending Trackball (ACTION_MOVE): 0:(-2.0,1.0)
:Sending Trackball (ACTION_MOVE): 0:(2.0,4.0)
:Sending Trackball (ACTION_MOVE): 0:(-4.0,4.0)
:Sending Trackball (ACTION_MOVE): 0:(-4.0,3.0)
:Sending Trackball (ACTION_MOVE): 0:(0.0,3.0)
:Sending Trackball (ACTION_MOVE): 0:(-1.0,4.0)
:Sending Trackball (ACTION_MOVE): 0:(-4.0,3.0)
:Sending Trackball (ACTION_MOVE): 0:(-5.0,-5.0)
:Sending Trackball (ACTION_MOVE): 0:(-1.0,1.0)
:Sending Touch (ACTION_DOWN): 0:(114.0,1729.0)
:Sending Touch (ACTION_UP): 0:(119.96444,1731.1226)
Sleeping for 500 milliseconds
:Sending Key (ACTION_DOWN): 22    // KEYCODE_DPAD_RIGHT
:Sending Key (ACTION_UP): 22    // KEYCODE_DPAD_RIGHT
Sleeping for 500 milliseconds
:Sending Key (ACTION_DOWN): 22    // KEYCODE_DPAD_RIGHT
:Sending Key (ACTION_UP): 22    // KEYCODE_DPAD_RIGHT
Sleeping for 500 milliseconds
:Switch: #Intent;action=android.intent.action.MAIN;category=android.intent.category.LAUNCHER;launchFlags=0x10200000;component=com.yishouapp.fumi/.activity.ApiChoseActivity;end
    // Allowing start of Intent { act=android.intent.action.MAIN cat=[android.intent.category.LAUNCHER] cmp=com.yishouapp.fumi/.activity.ApiChoseActivity } in package com.yishouapp.fumi
    // activityResuming(com.yishouapp.fumi)
Sleeping for 500 milliseconds
:Sending Trackball (ACTION_MOVE): 0:(-1.0,0.0)
:Sending Trackball (ACTION_MOVE): 0:(-1.0,4.0)
:Sending Trackball (ACTION_MOVE): 0:(-4.0,-1.0)
:Sending Trackball (ACTION_MOVE): 0:(-2.0,-5.0)
:Sending Trackball (ACTION_MOVE): 0:(-4.0,1.0)
:Sending Trackball (ACTION_MOVE): 0:(-2.0,0.0)
:Sending Trackball (ACTION_MOVE): 0:(-2.0,2.0)
:Sending Trackball (ACTION_MOVE): 0:(-2.0,0.0)
:Sending Trackball (ACTION_MOVE): 0:(1.0,1.0)
:Sending Trackball (ACTION_MOVE): 0:(-1.0,-1.0)
:Sending Trackball (ACTION_MOVE): 0:(-1.0,-3.0)
:Sending Trackball (ACTION_MOVE): 0:(-1.0,4.0)
:Sending Trackball (ACTION_MOVE): 0:(-3.0,-1.0)
:Sending Trackball (ACTION_MOVE): 0:(1.0,2.0)
:Sending Trackball (ACTION_MOVE): 0:(0.0,3.0)
:Sending Trackball (ACTION_MOVE): 0:(4.0,-5.0)
:Sending Trackball (ACTION_MOVE): 0:(-2.0,-2.0)
:Sending Trackball (ACTION_MOVE): 0:(-2.0,3.0)
:Sending Trackball (ACTION_MOVE): 0:(3.0,-1.0)
:Sending Trackball (ACTION_MOVE): 0:(-4.0,-2.0)
:Sending Key (ACTION_DOWN): 20    // KEYCODE_DPAD_DOWN
:Sending Key (ACTION_UP): 20    // KEYCODE_DPAD_DOWN
Sleeping for 500 milliseconds
:Sending Key (ACTION_DOWN): 22    // KEYCODE_DPAD_RIGHT
:Sending Key (ACTION_UP): 22    // KEYCODE_DPAD_RIGHT
Sleeping for 500 milliseconds
:Sending Trackball (ACTION_MOVE): 0:(3.0,-1.0)
:Sending Trackball (ACTION_MOVE): 0:(4.0,1.0)
:Sending Trackball (ACTION_MOVE): 0:(3.0,3.0)
:Sending Trackball (ACTION_MOVE): 0:(1.0,3.0)
:Sending Trackball (ACTION_MOVE): 0:(2.0,1.0)
:Sending Trackball (ACTION_MOVE): 0:(-3.0,-2.0)
    //[calendar_time:2020-11-12 17:10:34.722  system_uptime:286961721]
    // Sending event #300
:Sending Trackball (ACTION_MOVE): 0:(1.0,0.0)
:Sending Trackball (ACTION_MOVE): 0:(-2.0,1.0)
:Sending Trackball (ACTION_MOVE): 0:(-3.0,0.0)
:Sending Trackball (ACTION_MOVE): 0:(2.0,-5.0)
:Sending Touch (ACTION_DOWN): 0:(81.0,2316.0)
:Sending Touch (ACTION_MOVE): 0:(78.12616,2314.335)
:Sending Touch (ACTION_MOVE): 0:(67.12811,2300.4395)
:Sending Touch (ACTION_MOVE): 0:(45.810883,2294.7817)
:Sending Touch (ACTION_UP): 0:(43.13313,2291.611)
Sleeping for 500 milliseconds
:Sending Key (ACTION_DOWN): 25    // KEYCODE_VOLUME_DOWN
:Sending Key (ACTION_UP): 25    // KEYCODE_VOLUME_DOWN
Sleeping for 500 milliseconds
:Sending Key (ACTION_DOWN): 131    // KEYCODE_F1
:Sending Key (ACTION_UP): 131    // KEYCODE_F1
Sleeping for 500 milliseconds
:Sending Touch (ACTION_DOWN): 0:(579.0,680.0)
:Sending Touch (ACTION_UP): 0:(584.1361,675.7264)
Sleeping for 500 milliseconds
:Sending Touch (ACTION_DOWN): 0:(940.0,1758.0)
:Sending Touch (ACTION_MOVE): 0:(940.2195,1764.754)
:Sending Touch (ACTION_MOVE): 0:(948.27344,1773.8748)
:Sending Touch (ACTION_MOVE): 0:(956.8961,1783.3094)
:Sending Touch (ACTION_UP): 0:(960.19794,1793.1597)
Sleeping for 500 milliseconds
:Sending Key (ACTION_DOWN): 19    // KEYCODE_DPAD_UP
:Sending Key (ACTION_UP): 19    // KEYCODE_DPAD_UP
Sleeping for 500 milliseconds
:Sending Trackball (ACTION_MOVE): 0:(4.0,1.0)
:Sending Trackball (ACTION_MOVE): 0:(2.0,-4.0)
:Sending Trackball (ACTION_MOVE): 0:(-5.0,2.0)
:Sending Trackball (ACTION_MOVE): 0:(1.0,-4.0)
:Sending Trackball (ACTION_MOVE): 0:(-5.0,-5.0)
:Sending Trackball (ACTION_MOVE): 0:(1.0,-1.0)
:Sending Trackball (ACTION_MOVE): 0:(3.0,0.0)
:Sending Trackball (ACTION_MOVE): 0:(-5.0,-5.0)
:Sending Trackball (ACTION_MOVE): 0:(-5.0,4.0)
:Sending Trackball (ACTION_MOVE): 0:(2.0,-3.0)
:Sending Trackball (ACTION_MOVE): 0:(0.0,-3.0)
:Sending Trackball (ACTION_MOVE): 0:(-5.0,-1.0)
:Sending Trackball (ACTION_MOVE): 0:(2.0,0.0)
:Sending Trackball (ACTION_MOVE): 0:(4.0,4.0)
:Sending Trackball (ACTION_MOVE): 0:(-5.0,2.0)
:Sending Trackball (ACTION_MOVE): 0:(1.0,-2.0)
:Sending Trackball (ACTION_MOVE): 0:(-1.0,-5.0)
:Sending Trackball (ACTION_MOVE): 0:(2.0,-1.0)
:Sending Trackball (ACTION_MOVE): 0:(1.0,-2.0)
:Sending Trackball (ACTION_MOVE): 0:(2.0,0.0)
:Sending Key (ACTION_DOWN): 21    // KEYCODE_DPAD_LEFT
:Sending Key (ACTION_UP): 21    // KEYCODE_DPAD_LEFT
Sleeping for 500 milliseconds
:Sending Key (ACTION_DOWN): 22    // KEYCODE_DPAD_RIGHT
:Sending Key (ACTION_UP): 22    // KEYCODE_DPAD_RIGHT
Sleeping for 500 milliseconds
:Sending Key (ACTION_DOWN): 19    // KEYCODE_DPAD_UP
:Sending Key (ACTION_UP): 19    // KEYCODE_DPAD_UP
Sleeping for 500 milliseconds
:Sending Touch (ACTION_DOWN): 0:(626.0,588.0)
:Sending Touch (ACTION_UP): 0:(626.87366,592.6661)
Sleeping for 500 milliseconds
:Sending Trackball (ACTION_MOVE): 0:(1.0,2.0)
:Sending Trackball (ACTION_MOVE): 0:(-1.0,3.0)
:Sending Trackball (ACTION_MOVE): 0:(-1.0,-3.0)
:Sending Trackball (ACTION_MOVE): 0:(4.0,0.0)
:Sending Trackball (ACTION_MOVE): 0:(2.0,-5.0)
:Sending Trackball (ACTION_MOVE): 0:(-2.0,0.0)
:Sending Trackball (ACTION_MOVE): 0:(0.0,0.0)
:Sending Trackball (ACTION_MOVE): 0:(4.0,3.0)
:Sending Trackball (ACTION_MOVE): 0:(3.0,-2.0)
:Sending Trackball (ACTION_MOVE): 0:(-2.0,3.0)
:Sending Key (ACTION_DOWN): 23    // KEYCODE_DPAD_CENTER
:Sending Key (ACTION_UP): 23    // KEYCODE_DPAD_CENTER
Sleeping for 500 milliseconds
:Sending Key (ACTION_DOWN): 20    // KEYCODE_DPAD_DOWN
:Sending Key (ACTION_UP): 20    // KEYCODE_DPAD_DOWN
Sleeping for 500 milliseconds
:Sending Key (ACTION_DOWN): 22    // KEYCODE_DPAD_RIGHT
:Sending Key (ACTION_UP): 22    // KEYCODE_DPAD_RIGHT
Sleeping for 500 milliseconds
:Sending Trackball (ACTION_MOVE): 0:(2.0,4.0)
:Sending Trackball (ACTION_MOVE): 0:(-5.0,-1.0)
:Sending Trackball (ACTION_MOVE): 0:(1.0,1.0)
:Sending Trackball (ACTION_MOVE): 0:(3.0,4.0)
:Sending Trackball (ACTION_MOVE): 0:(3.0,2.0)
:Sending Trackball (ACTION_MOVE): 0:(-3.0,4.0)
:Sending Trackball (ACTION_MOVE): 0:(-1.0,4.0)
:Sending Trackball (ACTION_MOVE): 0:(-2.0,-1.0)
:Sending Trackball (ACTION_MOVE): 0:(-2.0,2.0)
:Sending Trackball (ACTION_MOVE): 0:(1.0,1.0)
:Sending Trackball (ACTION_MOVE): 0:(-5.0,2.0)
:Sending Trackball (ACTION_MOVE): 0:(-1.0,4.0)
:Sending Trackball (ACTION_MOVE): 0:(1.0,3.0)
:Sending Trackball (ACTION_MOVE): 0:(-4.0,-5.0)
:Sending Trackball (ACTION_MOVE): 0:(-3.0,4.0)
:Sending Trackball (ACTION_MOVE): 0:(2.0,1.0)
:Sending Trackball (ACTION_MOVE): 0:(0.0,-5.0)
:Sending Trackball (ACTION_MOVE): 0:(1.0,1.0)
:Sending Trackball (ACTION_MOVE): 0:(-3.0,-5.0)
:Sending Trackball (ACTION_MOVE): 0:(-5.0,0.0)
:Sending Key (ACTION_DOWN): 100    // KEYCODE_BUTTON_Y
:Sending Key (ACTION_UP): 100    // KEYCODE_BUTTON_Y
Sleeping for 500 milliseconds
    // activityResuming(com.yishouapp.fumi)
:Sending Key (ACTION_DOWN): 22    // KEYCODE_DPAD_RIGHT
:Sending Key (ACTION_UP): 22    // KEYCODE_DPAD_RIGHT
Sleeping for 500 milliseconds
:Sending Touch (ACTION_DOWN): 0:(615.0,2040.0)
:Sending Touch (ACTION_MOVE): 0:(615.77423,2025.826)
:Sending Touch (ACTION_MOVE): 0:(619.6945,2021.0247)
:Sending Touch (ACTION_UP): 0:(623.2841,1997.4073)
Sleeping for 500 milliseconds
:Sending Key (ACTION_DOWN): 82    // KEYCODE_MENU
:Sending Key (ACTION_UP): 82    // KEYCODE_MENU
Sleeping for 500 milliseconds
:Sending Key (ACTION_DOWN): 19    // KEYCODE_DPAD_UP
:Sending Key (ACTION_UP): 19    // KEYCODE_DPAD_UP
Sleeping for 500 milliseconds
:Sending Flip keyboardOpen=false
Got IOException performing flipjava.io.FileNotFoundException: /dev/input/event0: open failed: EACCES (Permission denied)
    // Injection Failed
Sleeping for 500 milliseconds
:Sending Key (ACTION_DOWN): 21    // KEYCODE_DPAD_LEFT
    //[calendar_time:2020-11-12 17:10:45.130  system_uptime:286972129]
    // Sending event #400
:Sending Key (ACTION_UP): 21    // KEYCODE_DPAD_LEFT
Sleeping for 500 milliseconds
:Sending Key (ACTION_DOWN): 20    // KEYCODE_DPAD_DOWN
:Sending Key (ACTION_UP): 20    // KEYCODE_DPAD_DOWN
Sleeping for 500 milliseconds
:Sending Touch (ACTION_DOWN): 0:(811.0,1748.0)
:Sending Touch (ACTION_UP): 0:(807.8933,1749.8545)
Sleeping for 500 milliseconds
    // Allowing start of Intent { cmp=com.yishouapp.fumi/.activity.GoodsDetailActivity } in package com.yishouapp.fumi
:Sending Touch (ACTION_DOWN): 0:(94.0,2252.0)
:Sending Touch (ACTION_UP): 0:(99.23224,2256.4912)
Sleeping for 500 milliseconds
:Sending Touch (ACTION_DOWN): 0:(629.0,157.0)
:Sending Touch (ACTION_UP): 0:(638.34436,175.92928)
Sleeping for 500 milliseconds
:Sending Key (ACTION_DOWN): 82    // KEYCODE_MENU
:Sending Key (ACTION_UP): 82    // KEYCODE_MENU
Sleeping for 500 milliseconds
:Sending Trackball (ACTION_MOVE): 0:(4.0,-1.0)
:Sending Trackball (ACTION_MOVE): 0:(0.0,-2.0)
:Sending Trackball (ACTION_MOVE): 0:(2.0,-3.0)
:Sending Trackball (ACTION_MOVE): 0:(-1.0,4.0)
:Sending Trackball (ACTION_MOVE): 0:(2.0,-3.0)
:Sending Trackball (ACTION_MOVE): 0:(-3.0,-4.0)
:Sending Trackball (ACTION_MOVE): 0:(3.0,4.0)
:Sending Trackball (ACTION_MOVE): 0:(-4.0,-3.0)
:Sending Trackball (ACTION_MOVE): 0:(0.0,-2.0)
:Sending Trackball (ACTION_MOVE): 0:(2.0,-1.0)
:Sending Trackball (ACTION_MOVE): 0:(4.0,3.0)
:Sending Trackball (ACTION_MOVE): 0:(2.0,-4.0)
:Sending Trackball (ACTION_MOVE): 0:(0.0,-2.0)
:Sending Trackball (ACTION_MOVE): 0:(3.0,1.0)
:Sending Trackball (ACTION_MOVE): 0:(2.0,3.0)
:Sending Trackball (ACTION_MOVE): 0:(-2.0,-2.0)
:Sending Trackball (ACTION_MOVE): 0:(0.0,3.0)
:Sending Trackball (ACTION_MOVE): 0:(-2.0,1.0)
:Sending Trackball (ACTION_MOVE): 0:(-2.0,4.0)
:Sending Trackball (ACTION_MOVE): 0:(4.0,3.0)
:Sending Key (ACTION_DOWN): 82    // KEYCODE_MENU
:Sending Key (ACTION_UP): 82    // KEYCODE_MENU
Sleeping for 500 milliseconds
:Sending Touch (ACTION_DOWN): 0:(782.0,1060.0)
:Sending Touch (ACTION_UP): 0:(777.30035,1064.0914)
Sleeping for 500 milliseconds
:Sending Trackball (ACTION_MOVE): 0:(-4.0,2.0)
:Sending Trackball (ACTION_MOVE): 0:(1.0,-1.0)
:Sending Trackball (ACTION_MOVE): 0:(-2.0,-3.0)
:Sending Trackball (ACTION_MOVE): 0:(-1.0,-5.0)
:Sending Trackball (ACTION_MOVE): 0:(-1.0,-5.0)
:Sending Trackball (ACTION_MOVE): 0:(1.0,1.0)
:Sending Trackball (ACTION_MOVE): 0:(-4.0,-5.0)
:Sending Trackball (ACTION_MOVE): 0:(1.0,-2.0)
:Sending Trackball (ACTION_MOVE): 0:(0.0,-4.0)
:Sending Trackball (ACTION_MOVE): 0:(2.0,3.0)
:Sending Touch (ACTION_DOWN): 0:(701.0,1077.0)
:Sending Touch (ACTION_MOVE): 0:(688.9074,1079.6797)
:Sending Touch (ACTION_MOVE): 0:(678.8458,1085.7378)
:Sending Touch (ACTION_MOVE): 0:(673.24475,1093.9214)
:Sending Touch (ACTION_MOVE): 0:(663.83484,1105.01)
:Sending Touch (ACTION_MOVE): 0:(651.7784,1112.3506)
:Sending Touch (ACTION_MOVE): 0:(637.4401,1122.7927)
:Sending Touch (ACTION_MOVE): 0:(627.1708,1129.1532)
:Sending Touch (ACTION_MOVE): 0:(625.9969,1135.2026)
:Sending Touch (ACTION_MOVE): 0:(622.9908,1148.4594)
:Sending Touch (ACTION_UP): 0:(617.64056,1151.6493)
Sleeping for 500 milliseconds
:Sending Key (ACTION_DOWN): 19    // KEYCODE_DPAD_UP
:Sending Key (ACTION_UP): 19    // KEYCODE_DPAD_UP
Sleeping for 500 milliseconds
:Sending Trackball (ACTION_MOVE): 0:(3.0,-3.0)
:Sending Trackball (ACTION_MOVE): 0:(-1.0,-3.0)
:Sending Trackball (ACTION_MOVE): 0:(3.0,0.0)
:Sending Trackball (ACTION_MOVE): 0:(-5.0,-5.0)
:Sending Trackball (ACTION_MOVE): 0:(1.0,-5.0)
:Sending Trackball (ACTION_MOVE): 0:(4.0,-3.0)
:Sending Trackball (ACTION_MOVE): 0:(-5.0,1.0)
:Sending Trackball (ACTION_MOVE): 0:(-3.0,1.0)
:Sending Trackball (ACTION_MOVE): 0:(-3.0,4.0)
:Sending Trackball (ACTION_MOVE): 0:(1.0,0.0)
:Sending Trackball (ACTION_MOVE): 0:(3.0,0.0)
:Sending Trackball (ACTION_MOVE): 0:(1.0,-1.0)
:Sending Trackball (ACTION_MOVE): 0:(-3.0,-3.0)
:Sending Trackball (ACTION_MOVE): 0:(2.0,1.0)
:Sending Trackball (ACTION_MOVE): 0:(-2.0,4.0)
:Sending Trackball (ACTION_MOVE): 0:(-4.0,4.0)
:Sending Trackball (ACTION_MOVE): 0:(0.0,3.0)
:Sending Trackball (ACTION_MOVE): 0:(-5.0,-1.0)
:Sending Trackball (ACTION_MOVE): 0:(3.0,4.0)
:Sending Trackball (ACTION_MOVE): 0:(-1.0,2.0)
:Sending Trackball (ACTION_DOWN): 0:(0.0,0.0)
:Sending Trackball (ACTION_UP): 0:(0.0,0.0)
Sleeping for 500 milliseconds
:Sending Key (ACTION_DOWN): 22    // KEYCODE_DPAD_RIGHT
:Sending Key (ACTION_UP): 22    // KEYCODE_DPAD_RIGHT
Sleeping for 500 milliseconds
:Switch: #Intent;action=android.intent.action.MAIN;category=android.intent.category.LAUNCHER;launchFlags=0x10200000;component=com.yishouapp.fumi/.activity.ApiChoseActivity;end
    // Allowing start of Intent { act=android.intent.action.MAIN cat=[android.intent.category.LAUNCHER] cmp=com.yishouapp.fumi/.activity.ApiChoseActivity } in package com.yishouapp.fumi
Sleeping for 500 milliseconds
:Sending Touch (ACTION_DOWN): 0:(269.0,477.0)
:Sending Touch (ACTION_MOVE): 0:(268.46817,477.96472)
:Sending Touch (ACTION_MOVE): 0:(267.26736,487.69278)
:Sending Touch (ACTION_MOVE): 0:(266.40472,495.64148)
:Sending Touch (ACTION_MOVE): 0:(264.82135,496.13196)
:Sending Touch (ACTION_MOVE): 0:(264.46698,503.76166)
:Sending Touch (ACTION_MOVE): 0:(264.45428,515.3174)
:Sending Touch (ACTION_MOVE): 0:(262.222,521.63086)
:Sending Touch (ACTION_MOVE): 0:(261.08023,533.0091)
:Sending Touch (ACTION_UP): 0:(259.3548,537.8079)
Sleeping for 500 milliseconds
:Sending Touch (ACTION_DOWN): 0:(38.0,2099.0)
:Sending Touch (ACTION_UP): 0:(46.869602,2104.3293)
Sleeping for 500 milliseconds
:Sending Key (ACTION_DOWN): 19    // KEYCODE_DPAD_UP
:Sending Key (ACTION_UP): 19    // KEYCODE_DPAD_UP
Sleeping for 500 milliseconds
:Sending Touch (ACTION_DOWN): 0:(87.0,2277.0)
:Sending Touch (ACTION_UP): 0:(83.08633,2264.5903)
Sleeping for 500 milliseconds
    // Allowing start of Intent { cmp=com.yishouapp.fumi/.activity.StallActivity } in package com.yishouapp.fumi
:Sending Touch (ACTION_DOWN): 0:(88.0,2283.0)
Events injected: 500
:Sending rotation degree=0, persist=false
:Dropped: keys=0 pointers=0 trackballs=0 flips=1 rotations=0
## Network stats: elapsed time=56763ms (0ms mobile, 0ms wifi, 56763ms not connected)
// Monkey finished
